2015-09-18 18:02:10 [INFO ]-[main] [StartupInfoLogger.java:47] Starting Application on renyuan with PID 11260 (E:\github\deploy-server\target\classes started by Administrator in E:\github\deploy-server)
2015-09-18 18:02:10 [INFO ]-[main] [AbstractApplicationContext.java:510] Refreshing org.springframework.boot.context.embedded.AnnotationConfigEmbeddedWebApplicationContext@453db1eb: startup date [Fri Sep 18 18:02:10 CST 2015]; root of context hierarchy
2015-09-18 18:02:11 [INFO ]-[main] [XmlBeanDefinitionReader.java:317] Loading XML bean definitions from class path resource [spring/application-context.xml]
2015-09-18 18:02:11 [INFO ]-[main] [DefaultListableBeanFactory.java:822] Overriding bean definition for bean 'dataContainer': replacing [Generic bean: class [com.simplegame.core.container.DataContainer]; scope=singleton; abstract=false; lazyInit=false; autowireMode=0; dependencyCheck=0; autowireCandidate=true; primary=false; factoryBeanName=null; factoryMethodName=null; initMethodName=null; destroyMethodName=null; defined in file [E:\github\game-core\target\classes\com\simplegame\core\container\DataContainer.class]] with [Generic bean: class [com.simplegame.core.container.DataContainer]; scope=; abstract=false; lazyInit=false; autowireMode=0; dependencyCheck=0; autowireCandidate=true; primary=false; factoryBeanName=null; factoryMethodName=null; initMethodName=null; destroyMethodName=null; defined in class path resource [spring/application-context.xml]]
2015-09-18 18:02:12 [INFO ]-[main] [DefaultListableBeanFactory.java:822] Overriding bean definition for bean 'beanNameViewResolver': replacing [Root bean: class [null]; scope=; abstract=false; lazyInit=false; autowireMode=3; dependencyCheck=0; autowireCandidate=true; primary=false; factoryBeanName=org.springframework.boot.autoconfigure.web.ErrorMvcAutoConfiguration$WhitelabelErrorViewConfiguration; factoryMethodName=beanNameViewResolver; initMethodName=null; destroyMethodName=(inferred); defined in class path resource [org/springframework/boot/autoconfigure/web/ErrorMvcAutoConfiguration$WhitelabelErrorViewConfiguration.class]] with [Root bean: class [null]; scope=; abstract=false; lazyInit=false; autowireMode=3; dependencyCheck=0; autowireCandidate=true; primary=false; factoryBeanName=org.springframework.boot.autoconfigure.web.WebMvcAutoConfiguration$WebMvcAutoConfigurationAdapter; factoryMethodName=beanNameViewResolver; initMethodName=null; destroyMethodName=(inferred); defined in class path resource [org/springframework/boot/autoconfigure/web/WebMvcAutoConfiguration$WebMvcAutoConfigurationAdapter.class]]
2015-09-18 18:02:12 [INFO ]-[main] [JDKLogger.java:64] HV000001: Hibernate Validator 5.1.3.Final
2015-09-18 18:02:12 [INFO ]-[main] [PostProcessorRegistrationDelegate.java:309] Bean 'org.springframework.transaction.annotation.ProxyTransactionManagementConfiguration' of type [class org.springframework.transaction.annotation.ProxyTransactionManagementConfiguration$$EnhancerBySpringCGLIB$$b26a549e] is not eligible for getting processed by all BeanPostProcessors (for example: not eligible for auto-proxying)
2015-09-18 18:02:12 [INFO ]-[main] [PostProcessorRegistrationDelegate.java:309] Bean 'transactionAttributeSource' of type [class org.springframework.transaction.annotation.AnnotationTransactionAttributeSource] is not eligible for getting processed by all BeanPostProcessors (for example: not eligible for auto-proxying)
2015-09-18 18:02:12 [INFO ]-[main] [PostProcessorRegistrationDelegate.java:309] Bean 'transactionInterceptor' of type [class org.springframework.transaction.interceptor.TransactionInterceptor] is not eligible for getting processed by all BeanPostProcessors (for example: not eligible for auto-proxying)
2015-09-18 18:02:12 [INFO ]-[main] [PostProcessorRegistrationDelegate.java:309] Bean 'org.springframework.transaction.config.internalTransactionAdvisor' of type [class org.springframework.transaction.interceptor.BeanFactoryTransactionAttributeSourceAdvisor] is not eligible for getting processed by all BeanPostProcessors (for example: not eligible for auto-proxying)
2015-09-18 18:02:12 [INFO ]-[main] [JettyEmbeddedServletContainerFactory.java:124] Server initialized with port: 8081
2015-09-18 18:02:12 [INFO ]-[main] [Server.java:327] jetty-9.2.11.v20150529
2015-09-18 18:02:13 [INFO ]-[main] [ContextHandler.java:2052] Initializing Spring embedded WebApplicationContext
2015-09-18 18:02:13 [INFO ]-[main] [EmbeddedWebApplicationContext.java:268] Root WebApplicationContext: initialization completed in 2321 ms
2015-09-18 18:02:13 [INFO ]-[main] [ServletRegistrationBean.java:188] Mapping servlet: 'dispatcherServlet' to [/]
2015-09-18 18:02:13 [INFO ]-[main] [FilterRegistrationBean.java:286] Mapping filter: 'metricFilter' to: [/*]
2015-09-18 18:02:13 [INFO ]-[main] [FilterRegistrationBean.java:286] Mapping filter: 'characterEncodingFilter' to: [/*]
2015-09-18 18:02:13 [INFO ]-[main] [FilterRegistrationBean.java:286] Mapping filter: 'hiddenHttpMethodFilter' to: [/*]
2015-09-18 18:02:13 [INFO ]-[main] [FilterRegistrationBean.java:286] Mapping filter: 'webRequestLoggingFilter' to: [/*]
2015-09-18 18:02:13 [INFO ]-[main] [FilterRegistrationBean.java:286] Mapping filter: 'applicationContextIdFilter' to: [/*]
2015-09-18 18:02:14 [INFO ]-[main] [ContextHandler.java:744] Started o.s.b.c.e.j.JettyEmbeddedWebAppContext@3d1d261b{/,file:/E:/github/deploy-server/src/main/webapp/,AVAILABLE}
2015-09-18 18:02:14 [INFO ]-[main] [Server.java:379] Started @5280ms
2015-09-18 18:02:14 [INFO ]-[main] [RequestMappingHandlerAdapter.java:517] Looking for @ControllerAdvice: org.springframework.boot.context.embedded.AnnotationConfigEmbeddedWebApplicationContext@453db1eb: startup date [Fri Sep 18 18:02:10 CST 2015]; root of context hierarchy
2015-09-18 18:02:14 [INFO ]-[main] [AbstractHandlerMethodMapping.java:217] Mapped "{[/]}" onto public java.lang.String com.simplegame.deploy.controller.IndexController.index(java.util.Map<java.lang.String, java.lang.Object>)
2015-09-18 18:02:14 [INFO ]-[main] [AbstractHandlerMethodMapping.java:217] Mapped "{[/error]}" onto public org.springframework.http.ResponseEntity<java.util.Map<java.lang.String, java.lang.Object>> org.springframework.boot.autoconfigure.web.BasicErrorController.error(javax.servlet.http.HttpServletRequest)
2015-09-18 18:02:14 [INFO ]-[main] [AbstractHandlerMethodMapping.java:217] Mapped "{[/error],produces=[text/html]}" onto public org.springframework.web.servlet.ModelAndView org.springframework.boot.autoconfigure.web.BasicErrorController.errorHtml(javax.servlet.http.HttpServletRequest)
2015-09-18 18:02:14 [INFO ]-[main] [AbstractUrlHandlerMapping.java:314] Mapped URL path [/**] onto handler of type [class org.springframework.web.servlet.resource.ResourceHttpRequestHandler]
2015-09-18 18:02:14 [INFO ]-[main] [AbstractUrlHandlerMapping.java:314] Mapped URL path [/webjars/**] onto handler of type [class org.springframework.web.servlet.resource.ResourceHttpRequestHandler]
2015-09-18 18:02:14 [INFO ]-[main] [AbstractUrlHandlerMapping.java:314] Mapped URL path [/**/favicon.ico] onto handler of type [class org.springframework.web.servlet.resource.ResourceHttpRequestHandler]
2015-09-18 18:02:14 [INFO ]-[IO-DataServerListener] [DataServerListener.java:48] data server start success. bind port: 1222
2015-09-18 18:02:14 [INFO ]-[IO-FileServerListener] [FileServerListener.java:50] file server start success. bind port: 1223
2015-09-18 18:02:15 [INFO ]-[main] [AbstractHandlerMethodMapping.java:217] Mapped "{[/health]}" onto public java.lang.Object org.springframework.boot.actuate.endpoint.mvc.HealthMvcEndpoint.invoke(java.security.Principal)
2015-09-18 18:02:15 [INFO ]-[main] [AbstractHandlerMethodMapping.java:217] Mapped "{[/beans],methods=[GET]}" onto public java.lang.Object org.springframework.boot.actuate.endpoint.mvc.EndpointMvcAdapter.invoke()
2015-09-18 18:02:15 [INFO ]-[main] [AbstractHandlerMethodMapping.java:217] Mapped "{[/dump],methods=[GET]}" onto public java.lang.Object org.springframework.boot.actuate.endpoint.mvc.EndpointMvcAdapter.invoke()
2015-09-18 18:02:15 [INFO ]-[main] [AbstractHandlerMethodMapping.java:217] Mapped "{[/metrics/{name:.*}],methods=[GET]}" onto public java.lang.Object org.springframework.boot.actuate.endpoint.mvc.MetricsMvcEndpoint.value(java.lang.String)
2015-09-18 18:02:15 [INFO ]-[main] [AbstractHandlerMethodMapping.java:217] Mapped "{[/metrics],methods=[GET]}" onto public java.lang.Object org.springframework.boot.actuate.endpoint.mvc.EndpointMvcAdapter.invoke()
2015-09-18 18:02:15 [INFO ]-[main] [AbstractHandlerMethodMapping.java:217] Mapped "{[/autoconfig],methods=[GET]}" onto public java.lang.Object org.springframework.boot.actuate.endpoint.mvc.EndpointMvcAdapter.invoke()
2015-09-18 18:02:15 [INFO ]-[main] [AbstractHandlerMethodMapping.java:217] Mapped "{[/env/{name:.*}],methods=[GET]}" onto public java.lang.Object org.springframework.boot.actuate.endpoint.mvc.EnvironmentMvcEndpoint.value(java.lang.String)
2015-09-18 18:02:15 [INFO ]-[main] [AbstractHandlerMethodMapping.java:217] Mapped "{[/env],methods=[GET]}" onto public java.lang.Object org.springframework.boot.actuate.endpoint.mvc.EndpointMvcAdapter.invoke()
2015-09-18 18:02:15 [INFO ]-[main] [AbstractHandlerMethodMapping.java:217] Mapped "{[/info],methods=[GET]}" onto public java.lang.Object org.springframework.boot.actuate.endpoint.mvc.EndpointMvcAdapter.invoke()
2015-09-18 18:02:15 [INFO ]-[main] [AbstractHandlerMethodMapping.java:217] Mapped "{[/trace],methods=[GET]}" onto public java.lang.Object org.springframework.boot.actuate.endpoint.mvc.EndpointMvcAdapter.invoke()
2015-09-18 18:02:15 [INFO ]-[main] [AbstractHandlerMethodMapping.java:217] Mapped "{[/configprops],methods=[GET]}" onto public java.lang.Object org.springframework.boot.actuate.endpoint.mvc.EndpointMvcAdapter.invoke()
2015-09-18 18:02:15 [INFO ]-[main] [AbstractHandlerMethodMapping.java:217] Mapped "{[/mappings],methods=[GET]}" onto public java.lang.Object org.springframework.boot.actuate.endpoint.mvc.EndpointMvcAdapter.invoke()
2015-09-18 18:02:15 [INFO ]-[main] [MBeanExporter.java:431] Registering beans for JMX exposure on startup
2015-09-18 18:02:15 [INFO ]-[main] [MBeanExporter.java:431] Registering beans for JMX exposure on startup
2015-09-18 18:02:15 [INFO ]-[main] [DefaultLifecycleProcessor.java:341] Starting beans in phase 0
2015-09-18 18:02:15 [INFO ]-[main] [MBeanExporter.java:674] Located managed bean 'requestMappingEndpoint': registering with JMX server as MBean [org.springframework.boot:type=Endpoint,name=requestMappingEndpoint]
2015-09-18 18:02:15 [INFO ]-[main] [MBeanExporter.java:674] Located managed bean 'environmentEndpoint': registering with JMX server as MBean [org.springframework.boot:type=Endpoint,name=environmentEndpoint]
2015-09-18 18:02:15 [INFO ]-[main] [MBeanExporter.java:674] Located managed bean 'healthEndpoint': registering with JMX server as MBean [org.springframework.boot:type=Endpoint,name=healthEndpoint]
2015-09-18 18:02:15 [INFO ]-[main] [MBeanExporter.java:674] Located managed bean 'beansEndpoint': registering with JMX server as MBean [org.springframework.boot:type=Endpoint,name=beansEndpoint]
2015-09-18 18:02:15 [INFO ]-[main] [MBeanExporter.java:674] Located managed bean 'infoEndpoint': registering with JMX server as MBean [org.springframework.boot:type=Endpoint,name=infoEndpoint]
2015-09-18 18:02:15 [INFO ]-[main] [MBeanExporter.java:674] Located managed bean 'metricsEndpoint': registering with JMX server as MBean [org.springframework.boot:type=Endpoint,name=metricsEndpoint]
2015-09-18 18:02:15 [INFO ]-[main] [MBeanExporter.java:674] Located managed bean 'traceEndpoint': registering with JMX server as MBean [org.springframework.boot:type=Endpoint,name=traceEndpoint]
2015-09-18 18:02:15 [INFO ]-[main] [MBeanExporter.java:674] Located managed bean 'dumpEndpoint': registering with JMX server as MBean [org.springframework.boot:type=Endpoint,name=dumpEndpoint]
2015-09-18 18:02:15 [INFO ]-[main] [MBeanExporter.java:674] Located managed bean 'autoConfigurationAuditEndpoint': registering with JMX server as MBean [org.springframework.boot:type=Endpoint,name=autoConfigurationAuditEndpoint]
2015-09-18 18:02:15 [INFO ]-[main] [MBeanExporter.java:674] Located managed bean 'configurationPropertiesReportEndpoint': registering with JMX server as MBean [org.springframework.boot:type=Endpoint,name=configurationPropertiesReportEndpoint]
2015-09-18 18:02:15 [INFO ]-[main] [ModuleInitApplicationListener.java:46] module initializing, order[200], name: AgentModuleInit
2015-09-18 18:02:15 [INFO ]-[main] [ModuleInitApplicationListener.java:46] module initializing, order[200], name: IoModuleInit
2015-09-18 18:02:15 [INFO ]-[main] [ContextHandler.java:2052] Initializing Spring FrameworkServlet 'dispatcherServlet'
2015-09-18 18:02:15 [INFO ]-[main] [FrameworkServlet.java:485] FrameworkServlet 'dispatcherServlet': initialization started
2015-09-18 18:02:15 [INFO ]-[main] [FrameworkServlet.java:504] FrameworkServlet 'dispatcherServlet': initialization completed in 21 ms
2015-09-18 18:02:15 [INFO ]-[main] [AbstractConnector.java:266] Started ServerConnector@894658c{HTTP/1.1}{0.0.0.0:8081}
2015-09-18 18:02:15 [INFO ]-[main] [JettyEmbeddedServletContainer.java:116] Jetty started on port(s) 8081 (http/1.1)
2015-09-18 18:02:15 [INFO ]-[main] [ModuleInitApplicationListener.java:46] module initializing, order[200], name: AgentModuleInit
2015-09-18 18:02:15 [INFO ]-[main] [ModuleInitApplicationListener.java:46] module initializing, order[200], name: IoModuleInit
2015-09-18 18:02:15 [INFO ]-[main] [StartupInfoLogger.java:56] Started Application in 5.641 seconds (JVM running for 7.133)
2015-09-18 18:02:46 [INFO ]-[qtp170235483-21] [ModuleInitApplicationListener.java:46] module initializing, order[200], name: AgentModuleInit
2015-09-18 18:02:46 [INFO ]-[qtp170235483-21] [ModuleInitApplicationListener.java:46] module initializing, order[200], name: IoModuleInit
2015-09-18 18:02:51 [INFO ]-[qtp170235483-22] [ModuleInitApplicationListener.java:46] module initializing, order[200], name: AgentModuleInit
2015-09-18 18:02:51 [INFO ]-[qtp170235483-22] [ModuleInitApplicationListener.java:46] module initializing, order[200], name: IoModuleInit
2015-09-18 18:02:51 [INFO ]-[qtp170235483-22] [ModuleInitApplicationListener.java:46] module initializing, order[200], name: AgentModuleInit
2015-09-18 18:02:51 [INFO ]-[qtp170235483-22] [ModuleInitApplicationListener.java:46] module initializing, order[200], name: IoModuleInit
2015-09-18 18:03:05 [INFO ]-[qtp170235483-23] [ModuleInitApplicationListener.java:46] module initializing, order[200], name: AgentModuleInit
2015-09-18 18:03:05 [INFO ]-[qtp170235483-23] [ModuleInitApplicationListener.java:46] module initializing, order[200], name: IoModuleInit
2015-09-18 18:03:26 [INFO ]-[qtp170235483-21] [ModuleInitApplicationListener.java:46] module initializing, order[200], name: AgentModuleInit
2015-09-18 18:03:26 [INFO ]-[qtp170235483-21] [ModuleInitApplicationListener.java:46] module initializing, order[200], name: IoModuleInit
2015-09-18 18:04:14 [INFO ]-[TimeBusinessExecutor-Cleaner-IO] [TimeoutBusinessExecutor.java:207] TimeExecutor[IO_BUS-0] task current size: 0, trigger size: 300000
2015-09-18 18:04:14 [INFO ]-[TimeBusinessExecutor-Cleaner-IO] [TimeoutBusinessExecutor.java:207] TimeExecutor[IO_ALL-0] task current size: 0, trigger size: 300000
2015-09-18 18:06:14 [INFO ]-[TimeBusinessExecutor-Cleaner-IO] [TimeoutBusinessExecutor.java:207] TimeExecutor[IO_BUS-0] task current size: 0, trigger size: 300000
2015-09-18 18:06:14 [INFO ]-[TimeBusinessExecutor-Cleaner-IO] [TimeoutBusinessExecutor.java:207] TimeExecutor[IO_ALL-0] task current size: 0, trigger size: 300000
2015-09-18 18:06:16 [INFO ]-[qtp170235483-22] [ModuleInitApplicationListener.java:46] module initializing, order[200], name: AgentModuleInit
2015-09-18 18:06:16 [INFO ]-[qtp170235483-22] [ModuleInitApplicationListener.java:46] module initializing, order[200], name: IoModuleInit
2015-09-18 18:06:16 [INFO ]-[qtp170235483-23] [ModuleInitApplicationListener.java:46] module initializing, order[200], name: AgentModuleInit
2015-09-18 18:06:16 [INFO ]-[qtp170235483-23] [ModuleInitApplicationListener.java:46] module initializing, order[200], name: IoModuleInit
2015-09-18 18:06:16 [INFO ]-[qtp170235483-21] [ModuleInitApplicationListener.java:46] module initializing, order[200], name: AgentModuleInit
2015-09-18 18:06:16 [INFO ]-[qtp170235483-21] [ModuleInitApplicationListener.java:46] module initializing, order[200], name: IoModuleInit
2015-09-18 18:06:16 [INFO ]-[qtp170235483-22] [ModuleInitApplicationListener.java:46] module initializing, order[200], name: AgentModuleInit
2015-09-18 18:06:16 [INFO ]-[qtp170235483-22] [ModuleInitApplicationListener.java:46] module initializing, order[200], name: IoModuleInit
2015-09-18 18:06:26 [INFO ]-[qtp170235483-23] [ModuleInitApplicationListener.java:46] module initializing, order[200], name: AgentModuleInit
2015-09-18 18:06:26 [INFO ]-[qtp170235483-23] [ModuleInitApplicationListener.java:46] module initializing, order[200], name: IoModuleInit
2015-09-18 18:06:26 [INFO ]-[qtp170235483-23] [ModuleInitApplicationListener.java:46] module initializing, order[200], name: AgentModuleInit
2015-09-18 18:06:26 [INFO ]-[qtp170235483-23] [ModuleInitApplicationListener.java:46] module initializing, order[200], name: IoModuleInit
2015-09-18 18:07:20 [INFO ]-[qtp170235483-22] [ModuleInitApplicationListener.java:46] module initializing, order[200], name: AgentModuleInit
2015-09-18 18:07:20 [INFO ]-[qtp170235483-22] [ModuleInitApplicationListener.java:46] module initializing, order[200], name: IoModuleInit
2015-09-18 18:07:20 [INFO ]-[qtp170235483-21] [ModuleInitApplicationListener.java:46] module initializing, order[200], name: AgentModuleInit
2015-09-18 18:07:20 [INFO ]-[qtp170235483-23] [ModuleInitApplicationListener.java:46] module initializing, order[200], name: AgentModuleInit
2015-09-18 18:07:20 [INFO ]-[qtp170235483-22] [ModuleInitApplicationListener.java:46] module initializing, order[200], name: AgentModuleInit
2015-09-18 18:07:20 [INFO ]-[qtp170235483-21] [ModuleInitApplicationListener.java:46] module initializing, order[200], name: IoModuleInit
2015-09-18 18:07:20 [INFO ]-[qtp170235483-23] [ModuleInitApplicationListener.java:46] module initializing, order[200], name: IoModuleInit
2015-09-18 18:07:20 [INFO ]-[qtp170235483-22] [ModuleInitApplicationListener.java:46] module initializing, order[200], name: IoModuleInit
2015-09-18 18:07:20 [INFO ]-[qtp170235483-38] [ModuleInitApplicationListener.java:46] module initializing, order[200], name: AgentModuleInit
2015-09-18 18:07:20 [INFO ]-[qtp170235483-38] [ModuleInitApplicationListener.java:46] module initializing, order[200], name: IoModuleInit
2015-09-18 18:08:14 [INFO ]-[TimeBusinessExecutor-Cleaner-IO] [TimeoutBusinessExecutor.java:207] TimeExecutor[IO_BUS-0] task current size: 0, trigger size: 300000
2015-09-18 18:08:14 [INFO ]-[TimeBusinessExecutor-Cleaner-IO] [TimeoutBusinessExecutor.java:207] TimeExecutor[IO_ALL-0] task current size: 0, trigger size: 300000
2015-09-18 18:10:14 [INFO ]-[TimeBusinessExecutor-Cleaner-IO] [TimeoutBusinessExecutor.java:207] TimeExecutor[IO_BUS-0] task current size: 0, trigger size: 300000
2015-09-18 18:10:14 [INFO ]-[TimeBusinessExecutor-Cleaner-IO] [TimeoutBusinessExecutor.java:207] TimeExecutor[IO_ALL-0] task current size: 0, trigger size: 300000
2015-09-18 18:12:14 [INFO ]-[BalanceBusinessExecutor-Cleaner-BUS] [BalanceBusinessExecutor.java:79] 
bus_cache
	bus_cache-0  0
	bus_cache-1  0
	bus_cache-2  0
	bus_cache-3  0
	bus_cache-4  0
	bus_cache-5  0
system
	system-0  0
bus_init
	bus_init-0  0
	bus_init-1  0
	bus_init-2  0
2015-09-18 18:12:14 [INFO ]-[TimeBusinessExecutor-Cleaner-IO] [TimeoutBusinessExecutor.java:207] TimeExecutor[IO_BUS-0] task current size: 0, trigger size: 300000
2015-09-18 18:12:14 [INFO ]-[TimeBusinessExecutor-Cleaner-IO] [TimeoutBusinessExecutor.java:207] TimeExecutor[IO_ALL-0] task current size: 0, trigger size: 300000
2015-09-18 18:14:14 [INFO ]-[TimeBusinessExecutor-Cleaner-IO] [TimeoutBusinessExecutor.java:207] TimeExecutor[IO_BUS-0] task current size: 0, trigger size: 300000
2015-09-18 18:14:14 [INFO ]-[TimeBusinessExecutor-Cleaner-IO] [TimeoutBusinessExecutor.java:207] TimeExecutor[IO_ALL-0] task current size: 0, trigger size: 300000
2015-09-18 18:16:14 [INFO ]-[TimeBusinessExecutor-Cleaner-IO] [TimeoutBusinessExecutor.java:207] TimeExecutor[IO_BUS-0] task current size: 0, trigger size: 300000
2015-09-18 18:16:14 [INFO ]-[TimeBusinessExecutor-Cleaner-IO] [TimeoutBusinessExecutor.java:207] TimeExecutor[IO_ALL-0] task current size: 0, trigger size: 300000
2015-09-18 18:18:14 [INFO ]-[TimeBusinessExecutor-Cleaner-IO] [TimeoutBusinessExecutor.java:207] TimeExecutor[IO_BUS-0] task current size: 0, trigger size: 300000
2015-09-18 18:18:14 [INFO ]-[TimeBusinessExecutor-Cleaner-IO] [TimeoutBusinessExecutor.java:207] TimeExecutor[IO_ALL-0] task current size: 0, trigger size: 300000
2015-09-18 18:20:14 [INFO ]-[TimeBusinessExecutor-Cleaner-IO] [TimeoutBusinessExecutor.java:207] TimeExecutor[IO_BUS-0] task current size: 0, trigger size: 300000
2015-09-18 18:20:14 [INFO ]-[TimeBusinessExecutor-Cleaner-IO] [TimeoutBusinessExecutor.java:207] TimeExecutor[IO_ALL-0] task current size: 0, trigger size: 300000
2015-09-18 18:21:53 [INFO ]-[qtp170235483-23] [ModuleInitApplicationListener.java:46] module initializing, order[200], name: AgentModuleInit
2015-09-18 18:21:53 [INFO ]-[qtp170235483-23] [ModuleInitApplicationListener.java:46] module initializing, order[200], name: IoModuleInit
2015-09-18 18:21:53 [INFO ]-[qtp170235483-21] [ModuleInitApplicationListener.java:46] module initializing, order[200], name: AgentModuleInit
2015-09-18 18:21:53 [INFO ]-[qtp170235483-22] [ModuleInitApplicationListener.java:46] module initializing, order[200], name: AgentModuleInit
2015-09-18 18:21:53 [INFO ]-[qtp170235483-22] [ModuleInitApplicationListener.java:46] module initializing, order[200], name: IoModuleInit
2015-09-18 18:21:53 [INFO ]-[qtp170235483-21] [ModuleInitApplicationListener.java:46] module initializing, order[200], name: IoModuleInit
2015-09-18 18:21:53 [INFO ]-[qtp170235483-23] [ModuleInitApplicationListener.java:46] module initializing, order[200], name: AgentModuleInit
2015-09-18 18:21:53 [INFO ]-[qtp170235483-23] [ModuleInitApplicationListener.java:46] module initializing, order[200], name: IoModuleInit
2015-09-18 18:21:53 [INFO ]-[qtp170235483-40] [ModuleInitApplicationListener.java:46] module initializing, order[200], name: AgentModuleInit
2015-09-18 18:21:53 [INFO ]-[qtp170235483-40] [ModuleInitApplicationListener.java:46] module initializing, order[200], name: IoModuleInit
2015-09-18 18:22:14 [INFO ]-[BalanceBusinessExecutor-Cleaner-BUS] [BalanceBusinessExecutor.java:79] 
bus_cache
	bus_cache-0  0
	bus_cache-1  0
	bus_cache-2  0
	bus_cache-3  0
	bus_cache-4  0
	bus_cache-5  0
system
	system-0  0
bus_init
	bus_init-0  0
	bus_init-1  0
	bus_init-2  0
2015-09-18 18:22:14 [INFO ]-[TimeBusinessExecutor-Cleaner-IO] [TimeoutBusinessExecutor.java:207] TimeExecutor[IO_BUS-0] task current size: 0, trigger size: 300000
2015-09-18 18:22:14 [INFO ]-[TimeBusinessExecutor-Cleaner-IO] [TimeoutBusinessExecutor.java:207] TimeExecutor[IO_ALL-0] task current size: 0, trigger size: 300000
2015-09-18 18:24:14 [INFO ]-[TimeBusinessExecutor-Cleaner-IO] [TimeoutBusinessExecutor.java:207] TimeExecutor[IO_BUS-0] task current size: 0, trigger size: 300000
2015-09-18 18:24:14 [INFO ]-[TimeBusinessExecutor-Cleaner-IO] [TimeoutBusinessExecutor.java:207] TimeExecutor[IO_ALL-0] task current size: 0, trigger size: 300000
2015-09-18 18:25:16 [INFO ]-[qtp170235483-22] [ModuleInitApplicationListener.java:46] module initializing, order[200], name: AgentModuleInit
2015-09-18 18:25:16 [INFO ]-[qtp170235483-40] [ModuleInitApplicationListener.java:46] module initializing, order[200], name: AgentModuleInit
2015-09-18 18:25:16 [INFO ]-[qtp170235483-22] [ModuleInitApplicationListener.java:46] module initializing, order[200], name: IoModuleInit
2015-09-18 18:25:16 [INFO ]-[qtp170235483-40] [ModuleInitApplicationListener.java:46] module initializing, order[200], name: IoModuleInit
2015-09-18 18:26:14 [INFO ]-[TimeBusinessExecutor-Cleaner-IO] [TimeoutBusinessExecutor.java:207] TimeExecutor[IO_BUS-0] task current size: 0, trigger size: 300000
2015-09-18 18:26:14 [INFO ]-[TimeBusinessExecutor-Cleaner-IO] [TimeoutBusinessExecutor.java:207] TimeExecutor[IO_ALL-0] task current size: 0, trigger size: 300000
2015-09-18 18:28:14 [INFO ]-[TimeBusinessExecutor-Cleaner-IO] [TimeoutBusinessExecutor.java:207] TimeExecutor[IO_BUS-0] task current size: 0, trigger size: 300000
2015-09-18 18:28:14 [INFO ]-[TimeBusinessExecutor-Cleaner-IO] [TimeoutBusinessExecutor.java:207] TimeExecutor[IO_ALL-0] task current size: 0, trigger size: 300000
2015-09-18 18:28:36 [INFO ]-[qtp170235483-40] [ModuleInitApplicationListener.java:46] module initializing, order[200], name: AgentModuleInit
2015-09-18 18:28:36 [INFO ]-[qtp170235483-40] [ModuleInitApplicationListener.java:46] module initializing, order[200], name: IoModuleInit
2015-09-18 18:28:36 [INFO ]-[qtp170235483-21] [ModuleInitApplicationListener.java:46] module initializing, order[200], name: AgentModuleInit
2015-09-18 18:28:36 [INFO ]-[qtp170235483-22] [ModuleInitApplicationListener.java:46] module initializing, order[200], name: AgentModuleInit
2015-09-18 18:28:36 [INFO ]-[qtp170235483-22] [ModuleInitApplicationListener.java:46] module initializing, order[200], name: IoModuleInit
2015-09-18 18:28:36 [INFO ]-[qtp170235483-21] [ModuleInitApplicationListener.java:46] module initializing, order[200], name: IoModuleInit
2015-09-18 18:28:36 [INFO ]-[qtp170235483-21] [ModuleInitApplicationListener.java:46] module initializing, order[200], name: AgentModuleInit
2015-09-18 18:28:36 [INFO ]-[qtp170235483-21] [ModuleInitApplicationListener.java:46] module initializing, order[200], name: IoModuleInit
2015-09-18 18:28:36 [INFO ]-[qtp170235483-40] [ModuleInitApplicationListener.java:46] module initializing, order[200], name: AgentModuleInit
2015-09-18 18:28:36 [INFO ]-[qtp170235483-40] [ModuleInitApplicationListener.java:46] module initializing, order[200], name: IoModuleInit
2015-09-18 18:28:36 [INFO ]-[qtp170235483-22] [ModuleInitApplicationListener.java:46] module initializing, order[200], name: AgentModuleInit
2015-09-18 18:28:36 [INFO ]-[qtp170235483-22] [ModuleInitApplicationListener.java:46] module initializing, order[200], name: IoModuleInit
2015-09-18 18:30:14 [INFO ]-[TimeBusinessExecutor-Cleaner-IO] [TimeoutBusinessExecutor.java:207] TimeExecutor[IO_BUS-0] task current size: 0, trigger size: 300000
2015-09-18 18:30:14 [INFO ]-[TimeBusinessExecutor-Cleaner-IO] [TimeoutBusinessExecutor.java:207] TimeExecutor[IO_ALL-0] task current size: 0, trigger size: 300000
2015-09-18 18:32:13 [INFO ]-[qtp170235483-22] [ModuleInitApplicationListener.java:46] module initializing, order[200], name: AgentModuleInit
2015-09-18 18:32:13 [INFO ]-[qtp170235483-22] [ModuleInitApplicationListener.java:46] module initializing, order[200], name: IoModuleInit
2015-09-18 18:32:13 [INFO ]-[qtp170235483-22] [ModuleInitApplicationListener.java:46] module initializing, order[200], name: AgentModuleInit
2015-09-18 18:32:13 [INFO ]-[qtp170235483-21] [ModuleInitApplicationListener.java:46] module initializing, order[200], name: AgentModuleInit
2015-09-18 18:32:13 [INFO ]-[qtp170235483-40] [ModuleInitApplicationListener.java:46] module initializing, order[200], name: AgentModuleInit
2015-09-18 18:32:13 [INFO ]-[qtp170235483-40] [ModuleInitApplicationListener.java:46] module initializing, order[200], name: IoModuleInit
2015-09-18 18:32:13 [INFO ]-[qtp170235483-22] [ModuleInitApplicationListener.java:46] module initializing, order[200], name: IoModuleInit
2015-09-18 18:32:13 [INFO ]-[qtp170235483-21] [ModuleInitApplicationListener.java:46] module initializing, order[200], name: IoModuleInit
2015-09-18 18:32:13 [INFO ]-[qtp170235483-41] [ModuleInitApplicationListener.java:46] module initializing, order[200], name: AgentModuleInit
2015-09-18 18:32:13 [INFO ]-[qtp170235483-41] [ModuleInitApplicationListener.java:46] module initializing, order[200], name: IoModuleInit
2015-09-18 18:32:13 [INFO ]-[qtp170235483-43] [ModuleInitApplicationListener.java:46] module initializing, order[200], name: AgentModuleInit
2015-09-18 18:32:13 [INFO ]-[qtp170235483-43] [ModuleInitApplicationListener.java:46] module initializing, order[200], name: IoModuleInit
2015-09-18 18:32:14 [INFO ]-[BalanceBusinessExecutor-Cleaner-BUS] [BalanceBusinessExecutor.java:79] 
bus_cache
	bus_cache-0  0
	bus_cache-1  0
	bus_cache-2  0
	bus_cache-3  0
	bus_cache-4  0
	bus_cache-5  0
system
	system-0  0
bus_init
	bus_init-0  0
	bus_init-1  0
	bus_init-2  0
2015-09-18 18:32:14 [INFO ]-[TimeBusinessExecutor-Cleaner-IO] [TimeoutBusinessExecutor.java:207] TimeExecutor[IO_BUS-0] task current size: 0, trigger size: 300000
2015-09-18 18:32:14 [INFO ]-[TimeBusinessExecutor-Cleaner-IO] [TimeoutBusinessExecutor.java:207] TimeExecutor[IO_ALL-0] task current size: 0, trigger size: 300000
2015-09-18 18:33:56 [INFO ]-[qtp170235483-22] [ModuleInitApplicationListener.java:46] module initializing, order[200], name: AgentModuleInit
2015-09-18 18:33:56 [INFO ]-[qtp170235483-22] [ModuleInitApplicationListener.java:46] module initializing, order[200], name: IoModuleInit
2015-09-18 18:33:56 [INFO ]-[qtp170235483-41] [ModuleInitApplicationListener.java:46] module initializing, order[200], name: AgentModuleInit
2015-09-18 18:33:56 [INFO ]-[qtp170235483-40] [ModuleInitApplicationListener.java:46] module initializing, order[200], name: AgentModuleInit
2015-09-18 18:33:56 [INFO ]-[qtp170235483-21] [ModuleInitApplicationListener.java:46] module initializing, order[200], name: AgentModuleInit
2015-09-18 18:33:56 [INFO ]-[qtp170235483-41] [ModuleInitApplicationListener.java:46] module initializing, order[200], name: IoModuleInit
2015-09-18 18:33:56 [INFO ]-[qtp170235483-40] [ModuleInitApplicationListener.java:46] module initializing, order[200], name: IoModuleInit
2015-09-18 18:33:56 [INFO ]-[qtp170235483-21] [ModuleInitApplicationListener.java:46] module initializing, order[200], name: IoModuleInit
2015-09-18 18:33:56 [INFO ]-[qtp170235483-22] [ModuleInitApplicationListener.java:46] module initializing, order[200], name: AgentModuleInit
2015-09-18 18:33:56 [INFO ]-[qtp170235483-22] [ModuleInitApplicationListener.java:46] module initializing, order[200], name: IoModuleInit
2015-09-18 18:33:56 [INFO ]-[qtp170235483-21] [ModuleInitApplicationListener.java:46] module initializing, order[200], name: AgentModuleInit
2015-09-18 18:33:56 [INFO ]-[qtp170235483-21] [ModuleInitApplicationListener.java:46] module initializing, order[200], name: IoModuleInit
2015-09-18 18:34:07 [INFO ]-[qtp170235483-21] [ModuleInitApplicationListener.java:46] module initializing, order[200], name: AgentModuleInit
2015-09-18 18:34:07 [INFO ]-[qtp170235483-21] [ModuleInitApplicationListener.java:46] module initializing, order[200], name: IoModuleInit
2015-09-18 18:34:07 [INFO ]-[qtp170235483-41] [ModuleInitApplicationListener.java:46] module initializing, order[200], name: AgentModuleInit
2015-09-18 18:34:07 [INFO ]-[qtp170235483-41] [ModuleInitApplicationListener.java:46] module initializing, order[200], name: IoModuleInit
2015-09-18 18:34:07 [INFO ]-[qtp170235483-22] [ModuleInitApplicationListener.java:46] module initializing, order[200], name: AgentModuleInit
2015-09-18 18:34:07 [INFO ]-[qtp170235483-22] [ModuleInitApplicationListener.java:46] module initializing, order[200], name: IoModuleInit
2015-09-18 18:34:07 [INFO ]-[qtp170235483-40] [ModuleInitApplicationListener.java:46] module initializing, order[200], name: AgentModuleInit
2015-09-18 18:34:07 [INFO ]-[qtp170235483-40] [ModuleInitApplicationListener.java:46] module initializing, order[200], name: IoModuleInit
2015-09-18 18:34:07 [INFO ]-[qtp170235483-21] [ModuleInitApplicationListener.java:46] module initializing, order[200], name: AgentModuleInit
2015-09-18 18:34:07 [INFO ]-[qtp170235483-21] [ModuleInitApplicationListener.java:46] module initializing, order[200], name: IoModuleInit
2015-09-18 18:34:07 [INFO ]-[qtp170235483-44] [ModuleInitApplicationListener.java:46] module initializing, order[200], name: AgentModuleInit
2015-09-18 18:34:07 [INFO ]-[qtp170235483-44] [ModuleInitApplicationListener.java:46] module initializing, order[200], name: IoModuleInit
2015-09-18 18:34:14 [INFO ]-[TimeBusinessExecutor-Cleaner-IO] [TimeoutBusinessExecutor.java:207] TimeExecutor[IO_BUS-0] task current size: 0, trigger size: 300000
2015-09-18 18:34:14 [INFO ]-[TimeBusinessExecutor-Cleaner-IO] [TimeoutBusinessExecutor.java:207] TimeExecutor[IO_ALL-0] task current size: 0, trigger size: 300000
2015-09-18 18:36:14 [INFO ]-[TimeBusinessExecutor-Cleaner-IO] [TimeoutBusinessExecutor.java:207] TimeExecutor[IO_BUS-0] task current size: 0, trigger size: 300000
2015-09-18 18:36:14 [INFO ]-[TimeBusinessExecutor-Cleaner-IO] [TimeoutBusinessExecutor.java:207] TimeExecutor[IO_ALL-0] task current size: 0, trigger size: 300000
2015-09-18 18:36:59 [INFO ]-[qtp170235483-22] [ModuleInitApplicationListener.java:46] module initializing, order[200], name: AgentModuleInit
2015-09-18 18:36:59 [INFO ]-[qtp170235483-22] [ModuleInitApplicationListener.java:46] module initializing, order[200], name: IoModuleInit
2015-09-18 18:36:59 [INFO ]-[qtp170235483-22] [ModuleInitApplicationListener.java:46] module initializing, order[200], name: AgentModuleInit
2015-09-18 18:36:59 [INFO ]-[qtp170235483-44] [ModuleInitApplicationListener.java:46] module initializing, order[200], name: AgentModuleInit
2015-09-18 18:36:59 [INFO ]-[qtp170235483-22] [ModuleInitApplicationListener.java:46] module initializing, order[200], name: IoModuleInit
2015-09-18 18:36:59 [INFO ]-[qtp170235483-44] [ModuleInitApplicationListener.java:46] module initializing, order[200], name: IoModuleInit
2015-09-18 18:36:59 [INFO ]-[qtp170235483-40] [ModuleInitApplicationListener.java:46] module initializing, order[200], name: AgentModuleInit
2015-09-18 18:36:59 [INFO ]-[qtp170235483-45] [ModuleInitApplicationListener.java:46] module initializing, order[200], name: AgentModuleInit
2015-09-18 18:36:59 [INFO ]-[qtp170235483-45] [ModuleInitApplicationListener.java:46] module initializing, order[200], name: IoModuleInit
2015-09-18 18:36:59 [INFO ]-[qtp170235483-40] [ModuleInitApplicationListener.java:46] module initializing, order[200], name: IoModuleInit
2015-09-18 18:36:59 [INFO ]-[qtp170235483-47] [ModuleInitApplicationListener.java:46] module initializing, order[200], name: AgentModuleInit
2015-09-18 18:36:59 [INFO ]-[qtp170235483-47] [ModuleInitApplicationListener.java:46] module initializing, order[200], name: IoModuleInit
2015-09-18 18:38:14 [INFO ]-[TimeBusinessExecutor-Cleaner-IO] [TimeoutBusinessExecutor.java:207] TimeExecutor[IO_BUS-0] task current size: 0, trigger size: 300000
2015-09-18 18:38:14 [INFO ]-[TimeBusinessExecutor-Cleaner-IO] [TimeoutBusinessExecutor.java:207] TimeExecutor[IO_ALL-0] task current size: 0, trigger size: 300000
2015-09-18 18:38:36 [INFO ]-[qtp170235483-40] [ModuleInitApplicationListener.java:46] module initializing, order[200], name: AgentModuleInit
2015-09-18 18:38:36 [INFO ]-[qtp170235483-40] [ModuleInitApplicationListener.java:46] module initializing, order[200], name: IoModuleInit
2015-09-18 18:38:36 [INFO ]-[qtp170235483-44] [ModuleInitApplicationListener.java:46] module initializing, order[200], name: AgentModuleInit
2015-09-18 18:38:36 [INFO ]-[qtp170235483-47] [ModuleInitApplicationListener.java:46] module initializing, order[200], name: AgentModuleInit
2015-09-18 18:38:36 [INFO ]-[qtp170235483-45] [ModuleInitApplicationListener.java:46] module initializing, order[200], name: AgentModuleInit
2015-09-18 18:38:36 [INFO ]-[qtp170235483-47] [ModuleInitApplicationListener.java:46] module initializing, order[200], name: IoModuleInit
2015-09-18 18:38:36 [INFO ]-[qtp170235483-44] [ModuleInitApplicationListener.java:46] module initializing, order[200], name: IoModuleInit
2015-09-18 18:38:36 [INFO ]-[qtp170235483-45] [ModuleInitApplicationListener.java:46] module initializing, order[200], name: IoModuleInit
2015-09-18 18:38:36 [INFO ]-[qtp170235483-40] [ModuleInitApplicationListener.java:46] module initializing, order[200], name: AgentModuleInit
2015-09-18 18:38:36 [INFO ]-[qtp170235483-40] [ModuleInitApplicationListener.java:46] module initializing, order[200], name: IoModuleInit
2015-09-18 18:38:36 [INFO ]-[qtp170235483-48] [ModuleInitApplicationListener.java:46] module initializing, order[200], name: AgentModuleInit
2015-09-18 18:38:36 [INFO ]-[qtp170235483-48] [ModuleInitApplicationListener.java:46] module initializing, order[200], name: IoModuleInit
2015-09-18 18:39:33 [INFO ]-[qtp170235483-47] [ModuleInitApplicationListener.java:46] module initializing, order[200], name: AgentModuleInit
2015-09-18 18:39:33 [INFO ]-[qtp170235483-47] [ModuleInitApplicationListener.java:46] module initializing, order[200], name: IoModuleInit
2015-09-18 18:39:33 [INFO ]-[qtp170235483-48] [ModuleInitApplicationListener.java:46] module initializing, order[200], name: AgentModuleInit
2015-09-18 18:39:33 [INFO ]-[qtp170235483-48] [ModuleInitApplicationListener.java:46] module initializing, order[200], name: IoModuleInit
2015-09-18 18:39:33 [INFO ]-[qtp170235483-45] [ModuleInitApplicationListener.java:46] module initializing, order[200], name: AgentModuleInit
2015-09-18 18:39:33 [INFO ]-[qtp170235483-44] [ModuleInitApplicationListener.java:46] module initializing, order[200], name: AgentModuleInit
2015-09-18 18:39:33 [INFO ]-[qtp170235483-40] [ModuleInitApplicationListener.java:46] module initializing, order[200], name: AgentModuleInit
2015-09-18 18:39:33 [INFO ]-[qtp170235483-45] [ModuleInitApplicationListener.java:46] module initializing, order[200], name: IoModuleInit
2015-09-18 18:39:33 [INFO ]-[qtp170235483-40] [ModuleInitApplicationListener.java:46] module initializing, order[200], name: IoModuleInit
2015-09-18 18:39:33 [INFO ]-[qtp170235483-44] [ModuleInitApplicationListener.java:46] module initializing, order[200], name: IoModuleInit
2015-09-18 18:39:33 [INFO ]-[qtp170235483-48] [ModuleInitApplicationListener.java:46] module initializing, order[200], name: AgentModuleInit
2015-09-18 18:39:33 [INFO ]-[qtp170235483-48] [ModuleInitApplicationListener.java:46] module initializing, order[200], name: IoModuleInit
2015-09-18 18:40:01 [INFO ]-[qtp170235483-48] [ModuleInitApplicationListener.java:46] module initializing, order[200], name: AgentModuleInit
2015-09-18 18:40:01 [INFO ]-[qtp170235483-48] [ModuleInitApplicationListener.java:46] module initializing, order[200], name: IoModuleInit
2015-09-18 18:40:01 [INFO ]-[qtp170235483-40] [ModuleInitApplicationListener.java:46] module initializing, order[200], name: AgentModuleInit
2015-09-18 18:40:01 [INFO ]-[qtp170235483-45] [ModuleInitApplicationListener.java:46] module initializing, order[200], name: AgentModuleInit
2015-09-18 18:40:01 [INFO ]-[qtp170235483-44] [ModuleInitApplicationListener.java:46] module initializing, order[200], name: AgentModuleInit
2015-09-18 18:40:01 [INFO ]-[qtp170235483-40] [ModuleInitApplicationListener.java:46] module initializing, order[200], name: IoModuleInit
2015-09-18 18:40:01 [INFO ]-[qtp170235483-44] [ModuleInitApplicationListener.java:46] module initializing, order[200], name: IoModuleInit
2015-09-18 18:40:01 [INFO ]-[qtp170235483-45] [ModuleInitApplicationListener.java:46] module initializing, order[200], name: IoModuleInit
2015-09-18 18:40:01 [INFO ]-[qtp170235483-48] [ModuleInitApplicationListener.java:46] module initializing, order[200], name: AgentModuleInit
2015-09-18 18:40:01 [INFO ]-[qtp170235483-48] [ModuleInitApplicationListener.java:46] module initializing, order[200], name: IoModuleInit
2015-09-18 18:40:01 [INFO ]-[qtp170235483-49] [ModuleInitApplicationListener.java:46] module initializing, order[200], name: AgentModuleInit
2015-09-18 18:40:01 [INFO ]-[qtp170235483-49] [ModuleInitApplicationListener.java:46] module initializing, order[200], name: IoModuleInit
2015-09-18 18:40:14 [INFO ]-[TimeBusinessExecutor-Cleaner-IO] [TimeoutBusinessExecutor.java:207] TimeExecutor[IO_BUS-0] task current size: 0, trigger size: 300000
2015-09-18 18:40:14 [INFO ]-[TimeBusinessExecutor-Cleaner-IO] [TimeoutBusinessExecutor.java:207] TimeExecutor[IO_ALL-0] task current size: 0, trigger size: 300000
2015-09-18 18:42:02 [INFO ]-[qtp170235483-40] [ModuleInitApplicationListener.java:46] module initializing, order[200], name: AgentModuleInit
2015-09-18 18:42:02 [INFO ]-[qtp170235483-40] [ModuleInitApplicationListener.java:46] module initializing, order[200], name: IoModuleInit
2015-09-18 18:42:02 [INFO ]-[qtp170235483-49] [ModuleInitApplicationListener.java:46] module initializing, order[200], name: AgentModuleInit
2015-09-18 18:42:02 [INFO ]-[qtp170235483-49] [ModuleInitApplicationListener.java:46] module initializing, order[200], name: IoModuleInit
2015-09-18 18:42:02 [INFO ]-[qtp170235483-40] [ModuleInitApplicationListener.java:46] module initializing, order[200], name: AgentModuleInit
2015-09-18 18:42:02 [INFO ]-[qtp170235483-48] [ModuleInitApplicationListener.java:46] module initializing, order[200], name: AgentModuleInit
2015-09-18 18:42:02 [INFO ]-[qtp170235483-40] [ModuleInitApplicationListener.java:46] module initializing, order[200], name: IoModuleInit
2015-09-18 18:42:02 [INFO ]-[qtp170235483-44] [ModuleInitApplicationListener.java:46] module initializing, order[200], name: AgentModuleInit
2015-09-18 18:42:02 [INFO ]-[qtp170235483-48] [ModuleInitApplicationListener.java:46] module initializing, order[200], name: IoModuleInit
2015-09-18 18:42:02 [INFO ]-[qtp170235483-44] [ModuleInitApplicationListener.java:46] module initializing, order[200], name: IoModuleInit
2015-09-18 18:42:03 [INFO ]-[qtp170235483-50] [ModuleInitApplicationListener.java:46] module initializing, order[200], name: AgentModuleInit
2015-09-18 18:42:03 [INFO ]-[qtp170235483-50] [ModuleInitApplicationListener.java:46] module initializing, order[200], name: IoModuleInit
2015-09-18 18:42:04 [INFO ]-[qtp170235483-49] [ModuleInitApplicationListener.java:46] module initializing, order[200], name: AgentModuleInit
2015-09-18 18:42:04 [INFO ]-[qtp170235483-49] [ModuleInitApplicationListener.java:46] module initializing, order[200], name: IoModuleInit
2015-09-18 18:42:04 [INFO ]-[qtp170235483-40] [ModuleInitApplicationListener.java:46] module initializing, order[200], name: AgentModuleInit
2015-09-18 18:42:04 [INFO ]-[qtp170235483-48] [ModuleInitApplicationListener.java:46] module initializing, order[200], name: AgentModuleInit
2015-09-18 18:42:04 [INFO ]-[qtp170235483-44] [ModuleInitApplicationListener.java:46] module initializing, order[200], name: AgentModuleInit
2015-09-18 18:42:04 [INFO ]-[qtp170235483-50] [ModuleInitApplicationListener.java:46] module initializing, order[200], name: AgentModuleInit
2015-09-18 18:42:04 [INFO ]-[qtp170235483-40] [ModuleInitApplicationListener.java:46] module initializing, order[200], name: IoModuleInit
2015-09-18 18:42:04 [INFO ]-[qtp170235483-44] [ModuleInitApplicationListener.java:46] module initializing, order[200], name: IoModuleInit
2015-09-18 18:42:04 [INFO ]-[qtp170235483-50] [ModuleInitApplicationListener.java:46] module initializing, order[200], name: IoModuleInit
2015-09-18 18:42:04 [INFO ]-[qtp170235483-48] [ModuleInitApplicationListener.java:46] module initializing, order[200], name: IoModuleInit
2015-09-18 18:42:04 [INFO ]-[qtp170235483-49] [ModuleInitApplicationListener.java:46] module initializing, order[200], name: AgentModuleInit
2015-09-18 18:42:04 [INFO ]-[qtp170235483-49] [ModuleInitApplicationListener.java:46] module initializing, order[200], name: IoModuleInit
2015-09-18 18:42:14 [INFO ]-[BalanceBusinessExecutor-Cleaner-BUS] [BalanceBusinessExecutor.java:79] 
bus_cache
	bus_cache-0  0
	bus_cache-1  0
	bus_cache-2  0
	bus_cache-3  0
	bus_cache-4  0
	bus_cache-5  0
system
	system-0  0
bus_init
	bus_init-0  0
	bus_init-1  0
	bus_init-2  0
2015-09-18 18:42:14 [INFO ]-[TimeBusinessExecutor-Cleaner-IO] [TimeoutBusinessExecutor.java:207] TimeExecutor[IO_BUS-0] task current size: 0, trigger size: 300000
2015-09-18 18:42:14 [INFO ]-[TimeBusinessExecutor-Cleaner-IO] [TimeoutBusinessExecutor.java:207] TimeExecutor[IO_ALL-0] task current size: 0, trigger size: 300000
2015-09-18 18:43:09 [INFO ]-[qtp170235483-44] [ModuleInitApplicationListener.java:46] module initializing, order[200], name: AgentModuleInit
2015-09-18 18:43:09 [INFO ]-[qtp170235483-44] [ModuleInitApplicationListener.java:46] module initializing, order[200], name: IoModuleInit
2015-09-18 18:43:09 [INFO ]-[qtp170235483-40] [ModuleInitApplicationListener.java:46] module initializing, order[200], name: AgentModuleInit
2015-09-18 18:43:09 [INFO ]-[qtp170235483-49] [ModuleInitApplicationListener.java:46] module initializing, order[200], name: AgentModuleInit
2015-09-18 18:43:09 [INFO ]-[qtp170235483-51] [ModuleInitApplicationListener.java:46] module initializing, order[200], name: AgentModuleInit
2015-09-18 18:43:09 [INFO ]-[qtp170235483-48] [ModuleInitApplicationListener.java:46] module initializing, order[200], name: AgentModuleInit
2015-09-18 18:43:09 [INFO ]-[qtp170235483-40] [ModuleInitApplicationListener.java:46] module initializing, order[200], name: IoModuleInit
2015-09-18 18:43:09 [INFO ]-[qtp170235483-48] [ModuleInitApplicationListener.java:46] module initializing, order[200], name: IoModuleInit
2015-09-18 18:43:09 [INFO ]-[qtp170235483-51] [ModuleInitApplicationListener.java:46] module initializing, order[200], name: IoModuleInit
2015-09-18 18:43:09 [INFO ]-[qtp170235483-49] [ModuleInitApplicationListener.java:46] module initializing, order[200], name: IoModuleInit
2015-09-18 18:43:10 [INFO ]-[qtp170235483-44] [ModuleInitApplicationListener.java:46] module initializing, order[200], name: AgentModuleInit
2015-09-18 18:43:10 [INFO ]-[qtp170235483-44] [ModuleInitApplicationListener.java:46] module initializing, order[200], name: IoModuleInit
2015-09-18 18:43:10 [INFO ]-[qtp170235483-48] [ModuleInitApplicationListener.java:46] module initializing, order[200], name: AgentModuleInit
2015-09-18 18:43:10 [INFO ]-[qtp170235483-48] [ModuleInitApplicationListener.java:46] module initializing, order[200], name: IoModuleInit
2015-09-18 18:43:10 [INFO ]-[qtp170235483-40] [ModuleInitApplicationListener.java:46] module initializing, order[200], name: AgentModuleInit
2015-09-18 18:43:10 [INFO ]-[qtp170235483-44] [ModuleInitApplicationListener.java:46] module initializing, order[200], name: AgentModuleInit
2015-09-18 18:43:10 [INFO ]-[qtp170235483-51] [ModuleInitApplicationListener.java:46] module initializing, order[200], name: AgentModuleInit
2015-09-18 18:43:10 [INFO ]-[qtp170235483-49] [ModuleInitApplicationListener.java:46] module initializing, order[200], name: AgentModuleInit
2015-09-18 18:43:10 [INFO ]-[qtp170235483-44] [ModuleInitApplicationListener.java:46] module initializing, order[200], name: IoModuleInit
2015-09-18 18:43:10 [INFO ]-[qtp170235483-40] [ModuleInitApplicationListener.java:46] module initializing, order[200], name: IoModuleInit
2015-09-18 18:43:10 [INFO ]-[qtp170235483-49] [ModuleInitApplicationListener.java:46] module initializing, order[200], name: IoModuleInit
2015-09-18 18:43:10 [INFO ]-[qtp170235483-51] [ModuleInitApplicationListener.java:46] module initializing, order[200], name: IoModuleInit
2015-09-18 18:43:11 [INFO ]-[qtp170235483-48] [ModuleInitApplicationListener.java:46] module initializing, order[200], name: AgentModuleInit
2015-09-18 18:43:11 [INFO ]-[qtp170235483-48] [ModuleInitApplicationListener.java:46] module initializing, order[200], name: IoModuleInit
2015-09-18 18:43:55 [INFO ]-[qtp170235483-44] [ModuleInitApplicationListener.java:46] module initializing, order[200], name: AgentModuleInit
2015-09-18 18:43:55 [INFO ]-[qtp170235483-44] [ModuleInitApplicationListener.java:46] module initializing, order[200], name: IoModuleInit
2015-09-18 18:43:56 [INFO ]-[qtp170235483-51] [ModuleInitApplicationListener.java:46] module initializing, order[200], name: AgentModuleInit
2015-09-18 18:43:56 [INFO ]-[qtp170235483-48] [ModuleInitApplicationListener.java:46] module initializing, order[200], name: AgentModuleInit
2015-09-18 18:43:56 [INFO ]-[qtp170235483-52] [ModuleInitApplicationListener.java:46] module initializing, order[200], name: AgentModuleInit
2015-09-18 18:43:56 [INFO ]-[qtp170235483-40] [ModuleInitApplicationListener.java:46] module initializing, order[200], name: AgentModuleInit
2015-09-18 18:43:56 [INFO ]-[qtp170235483-51] [ModuleInitApplicationListener.java:46] module initializing, order[200], name: IoModuleInit
2015-09-18 18:43:56 [INFO ]-[qtp170235483-48] [ModuleInitApplicationListener.java:46] module initializing, order[200], name: IoModuleInit
2015-09-18 18:43:56 [INFO ]-[qtp170235483-52] [ModuleInitApplicationListener.java:46] module initializing, order[200], name: IoModuleInit
2015-09-18 18:43:56 [INFO ]-[qtp170235483-40] [ModuleInitApplicationListener.java:46] module initializing, order[200], name: IoModuleInit
2015-09-18 18:43:56 [INFO ]-[qtp170235483-44] [ModuleInitApplicationListener.java:46] module initializing, order[200], name: AgentModuleInit
2015-09-18 18:43:56 [INFO ]-[qtp170235483-44] [ModuleInitApplicationListener.java:46] module initializing, order[200], name: IoModuleInit
2015-09-18 18:44:07 [INFO ]-[qtp170235483-48] [ModuleInitApplicationListener.java:46] module initializing, order[200], name: AgentModuleInit
2015-09-18 18:44:07 [INFO ]-[qtp170235483-48] [ModuleInitApplicationListener.java:46] module initializing, order[200], name: IoModuleInit
2015-09-18 18:44:07 [INFO ]-[qtp170235483-40] [ModuleInitApplicationListener.java:46] module initializing, order[200], name: AgentModuleInit
2015-09-18 18:44:07 [INFO ]-[qtp170235483-40] [ModuleInitApplicationListener.java:46] module initializing, order[200], name: IoModuleInit
2015-09-18 18:44:07 [INFO ]-[qtp170235483-52] [ModuleInitApplicationListener.java:46] module initializing, order[200], name: AgentModuleInit
2015-09-18 18:44:07 [INFO ]-[qtp170235483-44] [ModuleInitApplicationListener.java:46] module initializing, order[200], name: AgentModuleInit
2015-09-18 18:44:07 [INFO ]-[qtp170235483-51] [ModuleInitApplicationListener.java:46] module initializing, order[200], name: AgentModuleInit
2015-09-18 18:44:07 [INFO ]-[qtp170235483-51] [ModuleInitApplicationListener.java:46] module initializing, order[200], name: IoModuleInit
2015-09-18 18:44:07 [INFO ]-[qtp170235483-52] [ModuleInitApplicationListener.java:46] module initializing, order[200], name: IoModuleInit
2015-09-18 18:44:07 [INFO ]-[qtp170235483-44] [ModuleInitApplicationListener.java:46] module initializing, order[200], name: IoModuleInit
2015-09-18 18:44:07 [INFO ]-[qtp170235483-48] [ModuleInitApplicationListener.java:46] module initializing, order[200], name: AgentModuleInit
2015-09-18 18:44:07 [INFO ]-[qtp170235483-48] [ModuleInitApplicationListener.java:46] module initializing, order[200], name: IoModuleInit
2015-09-18 18:44:08 [INFO ]-[qtp170235483-40] [ModuleInitApplicationListener.java:46] module initializing, order[200], name: AgentModuleInit
2015-09-18 18:44:08 [INFO ]-[qtp170235483-40] [ModuleInitApplicationListener.java:46] module initializing, order[200], name: IoModuleInit
2015-09-18 18:44:08 [INFO ]-[qtp170235483-51] [ModuleInitApplicationListener.java:46] module initializing, order[200], name: AgentModuleInit
2015-09-18 18:44:08 [INFO ]-[qtp170235483-52] [ModuleInitApplicationListener.java:46] module initializing, order[200], name: AgentModuleInit
2015-09-18 18:44:08 [INFO ]-[qtp170235483-44] [ModuleInitApplicationListener.java:46] module initializing, order[200], name: AgentModuleInit
2015-09-18 18:44:08 [INFO ]-[qtp170235483-48] [ModuleInitApplicationListener.java:46] module initializing, order[200], name: AgentModuleInit
2015-09-18 18:44:08 [INFO ]-[qtp170235483-48] [ModuleInitApplicationListener.java:46] module initializing, order[200], name: IoModuleInit
2015-09-18 18:44:08 [INFO ]-[qtp170235483-52] [ModuleInitApplicationListener.java:46] module initializing, order[200], name: IoModuleInit
2015-09-18 18:44:08 [INFO ]-[qtp170235483-44] [ModuleInitApplicationListener.java:46] module initializing, order[200], name: IoModuleInit
2015-09-18 18:44:08 [INFO ]-[qtp170235483-51] [ModuleInitApplicationListener.java:46] module initializing, order[200], name: IoModuleInit
2015-09-18 18:44:08 [INFO ]-[qtp170235483-40] [ModuleInitApplicationListener.java:46] module initializing, order[200], name: AgentModuleInit
2015-09-18 18:44:08 [INFO ]-[qtp170235483-40] [ModuleInitApplicationListener.java:46] module initializing, order[200], name: IoModuleInit
2015-09-18 18:44:14 [INFO ]-[TimeBusinessExecutor-Cleaner-IO] [TimeoutBusinessExecutor.java:207] TimeExecutor[IO_BUS-0] task current size: 0, trigger size: 300000
2015-09-18 18:44:14 [INFO ]-[TimeBusinessExecutor-Cleaner-IO] [TimeoutBusinessExecutor.java:207] TimeExecutor[IO_ALL-0] task current size: 0, trigger size: 300000
2015-09-18 18:44:53 [INFO ]-[qtp170235483-52] [ModuleInitApplicationListener.java:46] module initializing, order[200], name: AgentModuleInit
2015-09-18 18:44:53 [INFO ]-[qtp170235483-52] [ModuleInitApplicationListener.java:46] module initializing, order[200], name: IoModuleInit
2015-09-18 18:44:53 [INFO ]-[qtp170235483-44] [ModuleInitApplicationListener.java:46] module initializing, order[200], name: AgentModuleInit
2015-09-18 18:44:53 [INFO ]-[qtp170235483-52] [ModuleInitApplicationListener.java:46] module initializing, order[200], name: AgentModuleInit
2015-09-18 18:44:53 [INFO ]-[qtp170235483-48] [ModuleInitApplicationListener.java:46] module initializing, order[200], name: AgentModuleInit
2015-09-18 18:44:53 [INFO ]-[qtp170235483-51] [ModuleInitApplicationListener.java:46] module initializing, order[200], name: AgentModuleInit
2015-09-18 18:44:53 [INFO ]-[qtp170235483-48] [ModuleInitApplicationListener.java:46] module initializing, order[200], name: IoModuleInit
2015-09-18 18:44:53 [INFO ]-[qtp170235483-44] [ModuleInitApplicationListener.java:46] module initializing, order[200], name: IoModuleInit
2015-09-18 18:44:53 [INFO ]-[qtp170235483-52] [ModuleInitApplicationListener.java:46] module initializing, order[200], name: IoModuleInit
2015-09-18 18:44:53 [INFO ]-[qtp170235483-51] [ModuleInitApplicationListener.java:46] module initializing, order[200], name: IoModuleInit
2015-09-18 18:44:53 [INFO ]-[qtp170235483-53] [ModuleInitApplicationListener.java:46] module initializing, order[200], name: AgentModuleInit
2015-09-18 18:44:53 [INFO ]-[qtp170235483-53] [ModuleInitApplicationListener.java:46] module initializing, order[200], name: IoModuleInit
2015-09-18 18:46:14 [INFO ]-[TimeBusinessExecutor-Cleaner-IO] [TimeoutBusinessExecutor.java:207] TimeExecutor[IO_BUS-0] task current size: 0, trigger size: 300000
2015-09-18 18:46:14 [INFO ]-[TimeBusinessExecutor-Cleaner-IO] [TimeoutBusinessExecutor.java:207] TimeExecutor[IO_ALL-0] task current size: 0, trigger size: 300000
2015-09-18 18:48:14 [INFO ]-[TimeBusinessExecutor-Cleaner-IO] [TimeoutBusinessExecutor.java:207] TimeExecutor[IO_BUS-0] task current size: 0, trigger size: 300000
2015-09-18 18:48:14 [INFO ]-[TimeBusinessExecutor-Cleaner-IO] [TimeoutBusinessExecutor.java:207] TimeExecutor[IO_ALL-0] task current size: 0, trigger size: 300000
2015-09-18 18:50:14 [INFO ]-[TimeBusinessExecutor-Cleaner-IO] [TimeoutBusinessExecutor.java:207] TimeExecutor[IO_BUS-0] task current size: 0, trigger size: 300000
2015-09-18 18:50:14 [INFO ]-[TimeBusinessExecutor-Cleaner-IO] [TimeoutBusinessExecutor.java:207] TimeExecutor[IO_ALL-0] task current size: 0, trigger size: 300000
2015-09-18 18:52:14 [INFO ]-[BalanceBusinessExecutor-Cleaner-BUS] [BalanceBusinessExecutor.java:79] 
bus_cache
	bus_cache-0  0
	bus_cache-1  0
	bus_cache-2  0
	bus_cache-3  0
	bus_cache-4  0
	bus_cache-5  0
system
	system-0  0
bus_init
	bus_init-0  0
	bus_init-1  0
	bus_init-2  0
2015-09-18 18:52:14 [INFO ]-[TimeBusinessExecutor-Cleaner-IO] [TimeoutBusinessExecutor.java:207] TimeExecutor[IO_BUS-0] task current size: 0, trigger size: 300000
2015-09-18 18:52:14 [INFO ]-[TimeBusinessExecutor-Cleaner-IO] [TimeoutBusinessExecutor.java:207] TimeExecutor[IO_ALL-0] task current size: 0, trigger size: 300000
2015-09-18 18:53:04 [INFO ]-[qtp170235483-51] [ModuleInitApplicationListener.java:46] module initializing, order[200], name: AgentModuleInit
2015-09-18 18:53:04 [INFO ]-[qtp170235483-51] [ModuleInitApplicationListener.java:46] module initializing, order[200], name: IoModuleInit
2015-09-18 18:53:04 [INFO ]-[qtp170235483-53] [ModuleInitApplicationListener.java:46] module initializing, order[200], name: AgentModuleInit
2015-09-18 18:53:04 [INFO ]-[qtp170235483-48] [ModuleInitApplicationListener.java:46] module initializing, order[200], name: AgentModuleInit
2015-09-18 18:53:04 [INFO ]-[qtp170235483-53] [ModuleInitApplicationListener.java:46] module initializing, order[200], name: IoModuleInit
2015-09-18 18:53:04 [INFO ]-[qtp170235483-51] [ModuleInitApplicationListener.java:46] module initializing, order[200], name: AgentModuleInit
2015-09-18 18:53:04 [INFO ]-[qtp170235483-54] [ModuleInitApplicationListener.java:46] module initializing, order[200], name: AgentModuleInit
2015-09-18 18:53:04 [INFO ]-[qtp170235483-48] [ModuleInitApplicationListener.java:46] module initializing, order[200], name: IoModuleInit
2015-09-18 18:53:04 [INFO ]-[qtp170235483-51] [ModuleInitApplicationListener.java:46] module initializing, order[200], name: IoModuleInit
2015-09-18 18:53:04 [INFO ]-[qtp170235483-54] [ModuleInitApplicationListener.java:46] module initializing, order[200], name: IoModuleInit
2015-09-18 18:53:04 [INFO ]-[qtp170235483-56] [ModuleInitApplicationListener.java:46] module initializing, order[200], name: AgentModuleInit
2015-09-18 18:53:04 [INFO ]-[qtp170235483-56] [ModuleInitApplicationListener.java:46] module initializing, order[200], name: IoModuleInit
2015-09-18 18:53:39 [INFO ]-[qtp170235483-53] [ModuleInitApplicationListener.java:46] module initializing, order[200], name: AgentModuleInit
2015-09-18 18:53:39 [INFO ]-[qtp170235483-53] [ModuleInitApplicationListener.java:46] module initializing, order[200], name: IoModuleInit
2015-09-18 18:53:39 [INFO ]-[qtp170235483-48] [ModuleInitApplicationListener.java:46] module initializing, order[200], name: AgentModuleInit
2015-09-18 18:53:39 [INFO ]-[qtp170235483-54] [ModuleInitApplicationListener.java:46] module initializing, order[200], name: AgentModuleInit
2015-09-18 18:53:39 [INFO ]-[qtp170235483-54] [ModuleInitApplicationListener.java:46] module initializing, order[200], name: IoModuleInit
2015-09-18 18:53:39 [INFO ]-[qtp170235483-48] [ModuleInitApplicationListener.java:46] module initializing, order[200], name: IoModuleInit
2015-09-18 18:53:39 [INFO ]-[qtp170235483-51] [ModuleInitApplicationListener.java:46] module initializing, order[200], name: AgentModuleInit
2015-09-18 18:53:39 [INFO ]-[qtp170235483-51] [ModuleInitApplicationListener.java:46] module initializing, order[200], name: IoModuleInit
2015-09-18 18:53:39 [INFO ]-[qtp170235483-56] [ModuleInitApplicationListener.java:46] module initializing, order[200], name: AgentModuleInit
2015-09-18 18:53:39 [INFO ]-[qtp170235483-56] [ModuleInitApplicationListener.java:46] module initializing, order[200], name: IoModuleInit
2015-09-18 18:53:40 [INFO ]-[qtp170235483-53] [ModuleInitApplicationListener.java:46] module initializing, order[200], name: AgentModuleInit
2015-09-18 18:53:40 [INFO ]-[qtp170235483-53] [ModuleInitApplicationListener.java:46] module initializing, order[200], name: IoModuleInit
2015-09-18 18:54:14 [INFO ]-[TimeBusinessExecutor-Cleaner-IO] [TimeoutBusinessExecutor.java:207] TimeExecutor[IO_BUS-0] task current size: 0, trigger size: 300000
2015-09-18 18:54:14 [INFO ]-[TimeBusinessExecutor-Cleaner-IO] [TimeoutBusinessExecutor.java:207] TimeExecutor[IO_ALL-0] task current size: 0, trigger size: 300000
2015-09-18 18:54:43 [INFO ]-[qtp170235483-53] [ModuleInitApplicationListener.java:46] module initializing, order[200], name: AgentModuleInit
2015-09-18 18:54:43 [INFO ]-[qtp170235483-53] [ModuleInitApplicationListener.java:46] module initializing, order[200], name: IoModuleInit
2015-09-18 18:54:43 [INFO ]-[qtp170235483-56] [ModuleInitApplicationListener.java:46] module initializing, order[200], name: AgentModuleInit
2015-09-18 18:54:43 [INFO ]-[qtp170235483-53] [ModuleInitApplicationListener.java:46] module initializing, order[200], name: AgentModuleInit
2015-09-18 18:54:43 [INFO ]-[qtp170235483-48] [ModuleInitApplicationListener.java:46] module initializing, order[200], name: AgentModuleInit
2015-09-18 18:54:43 [INFO ]-[qtp170235483-56] [ModuleInitApplicationListener.java:46] module initializing, order[200], name: IoModuleInit
2015-09-18 18:54:43 [INFO ]-[qtp170235483-53] [ModuleInitApplicationListener.java:46] module initializing, order[200], name: IoModuleInit
2015-09-18 18:54:43 [INFO ]-[qtp170235483-51] [ModuleInitApplicationListener.java:46] module initializing, order[200], name: AgentModuleInit
2015-09-18 18:54:43 [INFO ]-[qtp170235483-51] [ModuleInitApplicationListener.java:46] module initializing, order[200], name: IoModuleInit
2015-09-18 18:54:43 [INFO ]-[qtp170235483-48] [ModuleInitApplicationListener.java:46] module initializing, order[200], name: IoModuleInit
2015-09-18 18:54:43 [INFO ]-[qtp170235483-57] [ModuleInitApplicationListener.java:46] module initializing, order[200], name: AgentModuleInit
2015-09-18 18:54:43 [INFO ]-[qtp170235483-57] [ModuleInitApplicationListener.java:46] module initializing, order[200], name: IoModuleInit
2015-09-18 18:54:44 [INFO ]-[qtp170235483-53] [ModuleInitApplicationListener.java:46] module initializing, order[200], name: AgentModuleInit
2015-09-18 18:54:44 [INFO ]-[qtp170235483-53] [ModuleInitApplicationListener.java:46] module initializing, order[200], name: IoModuleInit
2015-09-18 18:54:44 [INFO ]-[qtp170235483-56] [ModuleInitApplicationListener.java:46] module initializing, order[200], name: AgentModuleInit
2015-09-18 18:54:44 [INFO ]-[qtp170235483-51] [ModuleInitApplicationListener.java:46] module initializing, order[200], name: AgentModuleInit
2015-09-18 18:54:44 [INFO ]-[qtp170235483-48] [ModuleInitApplicationListener.java:46] module initializing, order[200], name: AgentModuleInit
2015-09-18 18:54:44 [INFO ]-[qtp170235483-56] [ModuleInitApplicationListener.java:46] module initializing, order[200], name: IoModuleInit
2015-09-18 18:54:44 [INFO ]-[qtp170235483-48] [ModuleInitApplicationListener.java:46] module initializing, order[200], name: IoModuleInit
2015-09-18 18:54:44 [INFO ]-[qtp170235483-51] [ModuleInitApplicationListener.java:46] module initializing, order[200], name: IoModuleInit
2015-09-18 18:54:44 [INFO ]-[qtp170235483-57] [ModuleInitApplicationListener.java:46] module initializing, order[200], name: AgentModuleInit
2015-09-18 18:54:44 [INFO ]-[qtp170235483-57] [ModuleInitApplicationListener.java:46] module initializing, order[200], name: IoModuleInit
2015-09-18 18:54:44 [INFO ]-[qtp170235483-53] [ModuleInitApplicationListener.java:46] module initializing, order[200], name: AgentModuleInit
2015-09-18 18:54:44 [INFO ]-[qtp170235483-53] [ModuleInitApplicationListener.java:46] module initializing, order[200], name: IoModuleInit
2015-09-18 18:56:14 [INFO ]-[TimeBusinessExecutor-Cleaner-IO] [TimeoutBusinessExecutor.java:207] TimeExecutor[IO_BUS-0] task current size: 0, trigger size: 300000
2015-09-18 18:56:14 [INFO ]-[TimeBusinessExecutor-Cleaner-IO] [TimeoutBusinessExecutor.java:207] TimeExecutor[IO_ALL-0] task current size: 0, trigger size: 300000
2015-09-18 18:58:14 [INFO ]-[TimeBusinessExecutor-Cleaner-IO] [TimeoutBusinessExecutor.java:207] TimeExecutor[IO_BUS-0] task current size: 0, trigger size: 300000
2015-09-18 18:58:14 [INFO ]-[TimeBusinessExecutor-Cleaner-IO] [TimeoutBusinessExecutor.java:207] TimeExecutor[IO_ALL-0] task current size: 0, trigger size: 300000
2015-09-18 18:58:50 [INFO ]-[qtp170235483-57] [ModuleInitApplicationListener.java:46] module initializing, order[200], name: AgentModuleInit
2015-09-18 18:58:50 [INFO ]-[qtp170235483-57] [ModuleInitApplicationListener.java:46] module initializing, order[200], name: IoModuleInit
2015-09-18 18:58:50 [INFO ]-[qtp170235483-57] [ModuleInitApplicationListener.java:46] module initializing, order[200], name: AgentModuleInit
2015-09-18 18:58:50 [INFO ]-[qtp170235483-48] [ModuleInitApplicationListener.java:46] module initializing, order[200], name: AgentModuleInit
2015-09-18 18:58:50 [INFO ]-[qtp170235483-59] [ModuleInitApplicationListener.java:46] module initializing, order[200], name: AgentModuleInit
2015-09-18 18:58:50 [INFO ]-[qtp170235483-57] [ModuleInitApplicationListener.java:46] module initializing, order[200], name: IoModuleInit
2015-09-18 18:58:50 [INFO ]-[qtp170235483-48] [ModuleInitApplicationListener.java:46] module initializing, order[200], name: IoModuleInit
2015-09-18 18:58:50 [INFO ]-[qtp170235483-59] [ModuleInitApplicationListener.java:46] module initializing, order[200], name: IoModuleInit
2015-09-18 18:58:50 [INFO ]-[qtp170235483-58] [ModuleInitApplicationListener.java:46] module initializing, order[200], name: AgentModuleInit
2015-09-18 18:58:50 [INFO ]-[qtp170235483-58] [ModuleInitApplicationListener.java:46] module initializing, order[200], name: IoModuleInit
2015-09-18 18:58:50 [INFO ]-[qtp170235483-61] [ModuleInitApplicationListener.java:46] module initializing, order[200], name: AgentModuleInit
2015-09-18 18:58:50 [INFO ]-[qtp170235483-61] [ModuleInitApplicationListener.java:46] module initializing, order[200], name: IoModuleInit
2015-09-18 19:00:14 [INFO ]-[TimeBusinessExecutor-Cleaner-IO] [TimeoutBusinessExecutor.java:207] TimeExecutor[IO_BUS-0] task current size: 0, trigger size: 300000
2015-09-18 19:00:14 [INFO ]-[TimeBusinessExecutor-Cleaner-IO] [TimeoutBusinessExecutor.java:207] TimeExecutor[IO_ALL-0] task current size: 0, trigger size: 300000
2015-09-18 19:00:15 [INFO ]-[qtp170235483-59] [ModuleInitApplicationListener.java:46] module initializing, order[200], name: AgentModuleInit
2015-09-18 19:00:15 [INFO ]-[qtp170235483-59] [ModuleInitApplicationListener.java:46] module initializing, order[200], name: IoModuleInit
2015-09-18 19:00:15 [INFO ]-[qtp170235483-57] [ModuleInitApplicationListener.java:46] module initializing, order[200], name: AgentModuleInit
2015-09-18 19:00:15 [INFO ]-[qtp170235483-48] [ModuleInitApplicationListener.java:46] module initializing, order[200], name: AgentModuleInit
2015-09-18 19:00:15 [INFO ]-[qtp170235483-58] [ModuleInitApplicationListener.java:46] module initializing, order[200], name: AgentModuleInit
2015-09-18 19:00:15 [INFO ]-[qtp170235483-61] [ModuleInitApplicationListener.java:46] module initializing, order[200], name: AgentModuleInit
2015-09-18 19:00:15 [INFO ]-[qtp170235483-48] [ModuleInitApplicationListener.java:46] module initializing, order[200], name: IoModuleInit
2015-09-18 19:00:15 [INFO ]-[qtp170235483-57] [ModuleInitApplicationListener.java:46] module initializing, order[200], name: IoModuleInit
2015-09-18 19:00:15 [INFO ]-[qtp170235483-61] [ModuleInitApplicationListener.java:46] module initializing, order[200], name: IoModuleInit
2015-09-18 19:00:15 [INFO ]-[qtp170235483-58] [ModuleInitApplicationListener.java:46] module initializing, order[200], name: IoModuleInit
2015-09-18 19:00:15 [INFO ]-[qtp170235483-62] [ModuleInitApplicationListener.java:46] module initializing, order[200], name: AgentModuleInit
2015-09-18 19:00:15 [INFO ]-[qtp170235483-62] [ModuleInitApplicationListener.java:46] module initializing, order[200], name: IoModuleInit
2015-09-18 19:00:40 [INFO ]-[qtp170235483-58] [ModuleInitApplicationListener.java:46] module initializing, order[200], name: AgentModuleInit
2015-09-18 19:00:40 [INFO ]-[qtp170235483-58] [ModuleInitApplicationListener.java:46] module initializing, order[200], name: IoModuleInit
2015-09-18 19:00:40 [INFO ]-[qtp170235483-48] [ModuleInitApplicationListener.java:46] module initializing, order[200], name: AgentModuleInit
2015-09-18 19:00:40 [INFO ]-[qtp170235483-61] [ModuleInitApplicationListener.java:46] module initializing, order[200], name: AgentModuleInit
2015-09-18 19:00:40 [INFO ]-[qtp170235483-57] [ModuleInitApplicationListener.java:46] module initializing, order[200], name: AgentModuleInit
2015-09-18 19:00:40 [INFO ]-[qtp170235483-62] [ModuleInitApplicationListener.java:46] module initializing, order[200], name: AgentModuleInit
2015-09-18 19:00:40 [INFO ]-[qtp170235483-48] [ModuleInitApplicationListener.java:46] module initializing, order[200], name: IoModuleInit
2015-09-18 19:00:40 [INFO ]-[qtp170235483-57] [ModuleInitApplicationListener.java:46] module initializing, order[200], name: IoModuleInit
2015-09-18 19:00:40 [INFO ]-[qtp170235483-61] [ModuleInitApplicationListener.java:46] module initializing, order[200], name: IoModuleInit
2015-09-18 19:00:40 [INFO ]-[qtp170235483-62] [ModuleInitApplicationListener.java:46] module initializing, order[200], name: IoModuleInit
2015-09-18 19:00:41 [INFO ]-[qtp170235483-58] [ModuleInitApplicationListener.java:46] module initializing, order[200], name: AgentModuleInit
2015-09-18 19:00:41 [INFO ]-[qtp170235483-58] [ModuleInitApplicationListener.java:46] module initializing, order[200], name: IoModuleInit
2015-09-18 19:00:41 [INFO ]-[qtp170235483-48] [ModuleInitApplicationListener.java:46] module initializing, order[200], name: AgentModuleInit
2015-09-18 19:00:41 [INFO ]-[qtp170235483-48] [ModuleInitApplicationListener.java:46] module initializing, order[200], name: IoModuleInit
2015-09-18 19:00:41 [INFO ]-[qtp170235483-58] [ModuleInitApplicationListener.java:46] module initializing, order[200], name: AgentModuleInit
2015-09-18 19:00:41 [INFO ]-[qtp170235483-62] [ModuleInitApplicationListener.java:46] module initializing, order[200], name: AgentModuleInit
2015-09-18 19:00:41 [INFO ]-[qtp170235483-61] [ModuleInitApplicationListener.java:46] module initializing, order[200], name: AgentModuleInit
2015-09-18 19:00:41 [INFO ]-[qtp170235483-57] [ModuleInitApplicationListener.java:46] module initializing, order[200], name: AgentModuleInit
2015-09-18 19:00:41 [INFO ]-[qtp170235483-61] [ModuleInitApplicationListener.java:46] module initializing, order[200], name: IoModuleInit
2015-09-18 19:00:41 [INFO ]-[qtp170235483-58] [ModuleInitApplicationListener.java:46] module initializing, order[200], name: IoModuleInit
2015-09-18 19:00:41 [INFO ]-[qtp170235483-62] [ModuleInitApplicationListener.java:46] module initializing, order[200], name: IoModuleInit
2015-09-18 19:00:41 [INFO ]-[qtp170235483-57] [ModuleInitApplicationListener.java:46] module initializing, order[200], name: IoModuleInit
2015-09-18 19:00:41 [INFO ]-[qtp170235483-48] [ModuleInitApplicationListener.java:46] module initializing, order[200], name: AgentModuleInit
2015-09-18 19:00:41 [INFO ]-[qtp170235483-48] [ModuleInitApplicationListener.java:46] module initializing, order[200], name: IoModuleInit
2015-09-18 19:00:53 [INFO ]-[qtp170235483-62] [ModuleInitApplicationListener.java:46] module initializing, order[200], name: AgentModuleInit
2015-09-18 19:00:53 [INFO ]-[qtp170235483-62] [ModuleInitApplicationListener.java:46] module initializing, order[200], name: IoModuleInit
2015-09-18 19:00:53 [INFO ]-[qtp170235483-61] [ModuleInitApplicationListener.java:46] module initializing, order[200], name: AgentModuleInit
2015-09-18 19:00:53 [INFO ]-[qtp170235483-58] [ModuleInitApplicationListener.java:46] module initializing, order[200], name: AgentModuleInit
2015-09-18 19:00:53 [INFO ]-[qtp170235483-57] [ModuleInitApplicationListener.java:46] module initializing, order[200], name: AgentModuleInit
2015-09-18 19:00:53 [INFO ]-[qtp170235483-58] [ModuleInitApplicationListener.java:46] module initializing, order[200], name: IoModuleInit
2015-09-18 19:00:53 [INFO ]-[qtp170235483-61] [ModuleInitApplicationListener.java:46] module initializing, order[200], name: IoModuleInit
2015-09-18 19:00:53 [INFO ]-[qtp170235483-48] [ModuleInitApplicationListener.java:46] module initializing, order[200], name: AgentModuleInit
2015-09-18 19:00:53 [INFO ]-[qtp170235483-57] [ModuleInitApplicationListener.java:46] module initializing, order[200], name: IoModuleInit
2015-09-18 19:00:53 [INFO ]-[qtp170235483-48] [ModuleInitApplicationListener.java:46] module initializing, order[200], name: IoModuleInit
2015-09-18 19:00:53 [INFO ]-[qtp170235483-62] [ModuleInitApplicationListener.java:46] module initializing, order[200], name: AgentModuleInit
2015-09-18 19:00:53 [INFO ]-[qtp170235483-62] [ModuleInitApplicationListener.java:46] module initializing, order[200], name: IoModuleInit
2015-09-18 19:01:15 [INFO ]-[qtp170235483-61] [ModuleInitApplicationListener.java:46] module initializing, order[200], name: AgentModuleInit
2015-09-18 19:01:15 [INFO ]-[qtp170235483-61] [ModuleInitApplicationListener.java:46] module initializing, order[200], name: IoModuleInit
2015-09-18 19:01:15 [INFO ]-[qtp170235483-48] [ModuleInitApplicationListener.java:46] module initializing, order[200], name: AgentModuleInit
2015-09-18 19:01:15 [INFO ]-[qtp170235483-57] [ModuleInitApplicationListener.java:46] module initializing, order[200], name: AgentModuleInit
2015-09-18 19:01:15 [INFO ]-[qtp170235483-62] [ModuleInitApplicationListener.java:46] module initializing, order[200], name: AgentModuleInit
2015-09-18 19:01:15 [INFO ]-[qtp170235483-58] [ModuleInitApplicationListener.java:46] module initializing, order[200], name: AgentModuleInit
2015-09-18 19:01:15 [INFO ]-[qtp170235483-62] [ModuleInitApplicationListener.java:46] module initializing, order[200], name: IoModuleInit
2015-09-18 19:01:15 [INFO ]-[qtp170235483-57] [ModuleInitApplicationListener.java:46] module initializing, order[200], name: IoModuleInit
2015-09-18 19:01:15 [INFO ]-[qtp170235483-48] [ModuleInitApplicationListener.java:46] module initializing, order[200], name: IoModuleInit
2015-09-18 19:01:15 [INFO ]-[qtp170235483-58] [ModuleInitApplicationListener.java:46] module initializing, order[200], name: IoModuleInit
2015-09-18 19:01:15 [INFO ]-[qtp170235483-61] [ModuleInitApplicationListener.java:46] module initializing, order[200], name: AgentModuleInit
2015-09-18 19:01:15 [INFO ]-[qtp170235483-61] [ModuleInitApplicationListener.java:46] module initializing, order[200], name: IoModuleInit
2015-09-18 19:01:31 [INFO ]-[qtp170235483-58] [ModuleInitApplicationListener.java:46] module initializing, order[200], name: AgentModuleInit
2015-09-18 19:01:31 [INFO ]-[qtp170235483-58] [ModuleInitApplicationListener.java:46] module initializing, order[200], name: IoModuleInit
2015-09-18 19:01:31 [INFO ]-[qtp170235483-62] [ModuleInitApplicationListener.java:46] module initializing, order[200], name: AgentModuleInit
2015-09-18 19:01:31 [INFO ]-[qtp170235483-61] [ModuleInitApplicationListener.java:46] module initializing, order[200], name: AgentModuleInit
2015-09-18 19:01:31 [INFO ]-[qtp170235483-62] [ModuleInitApplicationListener.java:46] module initializing, order[200], name: IoModuleInit
2015-09-18 19:01:31 [INFO ]-[qtp170235483-57] [ModuleInitApplicationListener.java:46] module initializing, order[200], name: AgentModuleInit
2015-09-18 19:01:31 [INFO ]-[qtp170235483-58] [ModuleInitApplicationListener.java:46] module initializing, order[200], name: AgentModuleInit
2015-09-18 19:01:31 [INFO ]-[qtp170235483-61] [ModuleInitApplicationListener.java:46] module initializing, order[200], name: IoModuleInit
2015-09-18 19:01:31 [INFO ]-[qtp170235483-57] [ModuleInitApplicationListener.java:46] module initializing, order[200], name: IoModuleInit
2015-09-18 19:01:31 [INFO ]-[qtp170235483-58] [ModuleInitApplicationListener.java:46] module initializing, order[200], name: IoModuleInit
2015-09-18 19:01:32 [INFO ]-[qtp170235483-63] [ModuleInitApplicationListener.java:46] module initializing, order[200], name: AgentModuleInit
2015-09-18 19:01:32 [INFO ]-[qtp170235483-63] [ModuleInitApplicationListener.java:46] module initializing, order[200], name: IoModuleInit
2015-09-18 19:02:14 [INFO ]-[BalanceBusinessExecutor-Cleaner-BUS] [BalanceBusinessExecutor.java:79] 
bus_cache
	bus_cache-0  0
	bus_cache-1  0
	bus_cache-2  0
	bus_cache-3  0
	bus_cache-4  0
	bus_cache-5  0
system
	system-0  0
bus_init
	bus_init-0  0
	bus_init-1  0
	bus_init-2  0
2015-09-18 19:02:14 [INFO ]-[TimeBusinessExecutor-Cleaner-IO] [TimeoutBusinessExecutor.java:207] TimeExecutor[IO_BUS-0] task current size: 0, trigger size: 300000
2015-09-18 19:02:14 [INFO ]-[TimeBusinessExecutor-Cleaner-IO] [TimeoutBusinessExecutor.java:207] TimeExecutor[IO_ALL-0] task current size: 0, trigger size: 300000
2015-09-18 19:02:16 [INFO ]-[qtp170235483-58] [ModuleInitApplicationListener.java:46] module initializing, order[200], name: AgentModuleInit
2015-09-18 19:02:16 [INFO ]-[qtp170235483-58] [ModuleInitApplicationListener.java:46] module initializing, order[200], name: IoModuleInit
2015-09-18 19:02:16 [INFO ]-[qtp170235483-63] [ModuleInitApplicationListener.java:46] module initializing, order[200], name: AgentModuleInit
2015-09-18 19:02:16 [INFO ]-[qtp170235483-61] [ModuleInitApplicationListener.java:46] module initializing, order[200], name: AgentModuleInit
2015-09-18 19:02:16 [INFO ]-[qtp170235483-62] [ModuleInitApplicationListener.java:46] module initializing, order[200], name: AgentModuleInit
2015-09-18 19:02:16 [INFO ]-[qtp170235483-57] [ModuleInitApplicationListener.java:46] module initializing, order[200], name: AgentModuleInit
2015-09-18 19:02:16 [INFO ]-[qtp170235483-57] [ModuleInitApplicationListener.java:46] module initializing, order[200], name: IoModuleInit
2015-09-18 19:02:16 [INFO ]-[qtp170235483-62] [ModuleInitApplicationListener.java:46] module initializing, order[200], name: IoModuleInit
2015-09-18 19:02:16 [INFO ]-[qtp170235483-61] [ModuleInitApplicationListener.java:46] module initializing, order[200], name: IoModuleInit
2015-09-18 19:02:16 [INFO ]-[qtp170235483-63] [ModuleInitApplicationListener.java:46] module initializing, order[200], name: IoModuleInit
2015-09-18 19:02:16 [INFO ]-[qtp170235483-58] [ModuleInitApplicationListener.java:46] module initializing, order[200], name: AgentModuleInit
2015-09-18 19:02:16 [INFO ]-[qtp170235483-58] [ModuleInitApplicationListener.java:46] module initializing, order[200], name: IoModuleInit
2015-09-18 19:04:14 [INFO ]-[TimeBusinessExecutor-Cleaner-IO] [TimeoutBusinessExecutor.java:207] TimeExecutor[IO_BUS-0] task current size: 0, trigger size: 300000
2015-09-18 19:04:14 [INFO ]-[TimeBusinessExecutor-Cleaner-IO] [TimeoutBusinessExecutor.java:207] TimeExecutor[IO_ALL-0] task current size: 0, trigger size: 300000
2015-09-18 19:05:56 [INFO ]-[qtp170235483-57] [ModuleInitApplicationListener.java:46] module initializing, order[200], name: AgentModuleInit
2015-09-18 19:05:56 [INFO ]-[qtp170235483-57] [ModuleInitApplicationListener.java:46] module initializing, order[200], name: IoModuleInit
2015-09-18 19:05:56 [INFO ]-[qtp170235483-57] [ModuleInitApplicationListener.java:46] module initializing, order[200], name: AgentModuleInit
2015-09-18 19:05:56 [INFO ]-[qtp170235483-58] [ModuleInitApplicationListener.java:46] module initializing, order[200], name: AgentModuleInit
2015-09-18 19:05:56 [INFO ]-[qtp170235483-58] [ModuleInitApplicationListener.java:46] module initializing, order[200], name: IoModuleInit
2015-09-18 19:05:56 [INFO ]-[qtp170235483-57] [ModuleInitApplicationListener.java:46] module initializing, order[200], name: IoModuleInit
2015-09-18 19:05:56 [INFO ]-[qtp170235483-58] [ModuleInitApplicationListener.java:46] module initializing, order[200], name: AgentModuleInit
2015-09-18 19:05:56 [INFO ]-[qtp170235483-57] [ModuleInitApplicationListener.java:46] module initializing, order[200], name: AgentModuleInit
2015-09-18 19:05:56 [INFO ]-[qtp170235483-61] [ModuleInitApplicationListener.java:46] module initializing, order[200], name: AgentModuleInit
2015-09-18 19:05:56 [INFO ]-[qtp170235483-58] [ModuleInitApplicationListener.java:46] module initializing, order[200], name: IoModuleInit
2015-09-18 19:05:56 [INFO ]-[qtp170235483-57] [ModuleInitApplicationListener.java:46] module initializing, order[200], name: IoModuleInit
2015-09-18 19:05:56 [INFO ]-[qtp170235483-61] [ModuleInitApplicationListener.java:46] module initializing, order[200], name: IoModuleInit
2015-09-18 19:05:56 [INFO ]-[qtp170235483-66] [ModuleInitApplicationListener.java:46] module initializing, order[200], name: AgentModuleInit
2015-09-18 19:05:56 [INFO ]-[qtp170235483-66] [ModuleInitApplicationListener.java:46] module initializing, order[200], name: IoModuleInit
2015-09-18 19:06:14 [INFO ]-[TimeBusinessExecutor-Cleaner-IO] [TimeoutBusinessExecutor.java:207] TimeExecutor[IO_BUS-0] task current size: 0, trigger size: 300000
2015-09-18 19:06:14 [INFO ]-[TimeBusinessExecutor-Cleaner-IO] [TimeoutBusinessExecutor.java:207] TimeExecutor[IO_ALL-0] task current size: 0, trigger size: 300000
2015-09-18 19:07:29 [INFO ]-[qtp170235483-61] [ModuleInitApplicationListener.java:46] module initializing, order[200], name: AgentModuleInit
2015-09-18 19:07:29 [INFO ]-[qtp170235483-61] [ModuleInitApplicationListener.java:46] module initializing, order[200], name: IoModuleInit
2015-09-18 19:07:29 [INFO ]-[qtp170235483-66] [ModuleInitApplicationListener.java:46] module initializing, order[200], name: AgentModuleInit
2015-09-18 19:07:29 [INFO ]-[qtp170235483-68] [ModuleInitApplicationListener.java:46] module initializing, order[200], name: AgentModuleInit
2015-09-18 19:07:29 [INFO ]-[qtp170235483-57] [ModuleInitApplicationListener.java:46] module initializing, order[200], name: AgentModuleInit
2015-09-18 19:07:29 [INFO ]-[qtp170235483-67] [ModuleInitApplicationListener.java:46] module initializing, order[200], name: AgentModuleInit
2015-09-18 19:07:29 [INFO ]-[qtp170235483-61] [ModuleInitApplicationListener.java:46] module initializing, order[200], name: AgentModuleInit
2015-09-18 19:07:29 [INFO ]-[qtp170235483-57] [ModuleInitApplicationListener.java:46] module initializing, order[200], name: IoModuleInit
2015-09-18 19:07:29 [INFO ]-[qtp170235483-66] [ModuleInitApplicationListener.java:46] module initializing, order[200], name: IoModuleInit
2015-09-18 19:07:29 [INFO ]-[qtp170235483-61] [ModuleInitApplicationListener.java:46] module initializing, order[200], name: IoModuleInit
2015-09-18 19:07:29 [INFO ]-[qtp170235483-68] [ModuleInitApplicationListener.java:46] module initializing, order[200], name: IoModuleInit
2015-09-18 19:07:29 [INFO ]-[qtp170235483-67] [ModuleInitApplicationListener.java:46] module initializing, order[200], name: IoModuleInit
2015-09-18 19:07:29 [INFO ]-[qtp170235483-69] [ModuleInitApplicationListener.java:46] module initializing, order[200], name: AgentModuleInit
2015-09-18 19:07:29 [INFO ]-[qtp170235483-69] [ModuleInitApplicationListener.java:46] module initializing, order[200], name: IoModuleInit
2015-09-18 19:07:30 [INFO ]-[qtp170235483-66] [ModuleInitApplicationListener.java:46] module initializing, order[200], name: AgentModuleInit
2015-09-18 19:07:30 [INFO ]-[qtp170235483-66] [ModuleInitApplicationListener.java:46] module initializing, order[200], name: IoModuleInit
2015-09-18 19:07:30 [INFO ]-[qtp170235483-68] [ModuleInitApplicationListener.java:46] module initializing, order[200], name: AgentModuleInit
2015-09-18 19:07:30 [INFO ]-[qtp170235483-61] [ModuleInitApplicationListener.java:46] module initializing, order[200], name: AgentModuleInit
2015-09-18 19:07:30 [INFO ]-[qtp170235483-69] [ModuleInitApplicationListener.java:46] module initializing, order[200], name: AgentModuleInit
2015-09-18 19:07:30 [INFO ]-[qtp170235483-57] [ModuleInitApplicationListener.java:46] module initializing, order[200], name: AgentModuleInit
2015-09-18 19:07:30 [INFO ]-[qtp170235483-67] [ModuleInitApplicationListener.java:46] module initializing, order[200], name: AgentModuleInit
2015-09-18 19:07:30 [INFO ]-[qtp170235483-69] [ModuleInitApplicationListener.java:46] module initializing, order[200], name: IoModuleInit
2015-09-18 19:07:30 [INFO ]-[qtp170235483-68] [ModuleInitApplicationListener.java:46] module initializing, order[200], name: IoModuleInit
2015-09-18 19:07:30 [INFO ]-[qtp170235483-57] [ModuleInitApplicationListener.java:46] module initializing, order[200], name: IoModuleInit
2015-09-18 19:07:30 [INFO ]-[qtp170235483-61] [ModuleInitApplicationListener.java:46] module initializing, order[200], name: IoModuleInit
2015-09-18 19:07:30 [INFO ]-[qtp170235483-67] [ModuleInitApplicationListener.java:46] module initializing, order[200], name: IoModuleInit
2015-09-18 19:07:30 [INFO ]-[qtp170235483-66] [ModuleInitApplicationListener.java:46] module initializing, order[200], name: AgentModuleInit
2015-09-18 19:07:30 [INFO ]-[qtp170235483-66] [ModuleInitApplicationListener.java:46] module initializing, order[200], name: IoModuleInit
2015-09-18 19:08:14 [INFO ]-[TimeBusinessExecutor-Cleaner-IO] [TimeoutBusinessExecutor.java:207] TimeExecutor[IO_BUS-0] task current size: 0, trigger size: 300000
2015-09-18 19:08:14 [INFO ]-[TimeBusinessExecutor-Cleaner-IO] [TimeoutBusinessExecutor.java:207] TimeExecutor[IO_ALL-0] task current size: 0, trigger size: 300000
2015-09-18 19:09:08 [INFO ]-[qtp170235483-69] [ModuleInitApplicationListener.java:46] module initializing, order[200], name: AgentModuleInit
2015-09-18 19:09:08 [INFO ]-[qtp170235483-69] [ModuleInitApplicationListener.java:46] module initializing, order[200], name: IoModuleInit
2015-09-18 19:09:08 [INFO ]-[qtp170235483-61] [ModuleInitApplicationListener.java:46] module initializing, order[200], name: AgentModuleInit
2015-09-18 19:09:08 [INFO ]-[qtp170235483-68] [ModuleInitApplicationListener.java:46] module initializing, order[200], name: AgentModuleInit
2015-09-18 19:09:08 [INFO ]-[qtp170235483-67] [ModuleInitApplicationListener.java:46] module initializing, order[200], name: AgentModuleInit
2015-09-18 19:09:08 [INFO ]-[qtp170235483-69] [ModuleInitApplicationListener.java:46] module initializing, order[200], name: AgentModuleInit
2015-09-18 19:09:08 [INFO ]-[qtp170235483-57] [ModuleInitApplicationListener.java:46] module initializing, order[200], name: AgentModuleInit
2015-09-18 19:09:08 [INFO ]-[qtp170235483-67] [ModuleInitApplicationListener.java:46] module initializing, order[200], name: IoModuleInit
2015-09-18 19:09:08 [INFO ]-[qtp170235483-61] [ModuleInitApplicationListener.java:46] module initializing, order[200], name: IoModuleInit
2015-09-18 19:09:08 [INFO ]-[qtp170235483-68] [ModuleInitApplicationListener.java:46] module initializing, order[200], name: IoModuleInit
2015-09-18 19:09:08 [INFO ]-[qtp170235483-57] [ModuleInitApplicationListener.java:46] module initializing, order[200], name: IoModuleInit
2015-09-18 19:09:08 [INFO ]-[qtp170235483-69] [ModuleInitApplicationListener.java:46] module initializing, order[200], name: IoModuleInit
2015-09-18 19:09:08 [INFO ]-[qtp170235483-70] [ModuleInitApplicationListener.java:46] module initializing, order[200], name: AgentModuleInit
2015-09-18 19:09:08 [INFO ]-[qtp170235483-70] [ModuleInitApplicationListener.java:46] module initializing, order[200], name: IoModuleInit
2015-09-18 19:09:09 [INFO ]-[qtp170235483-67] [ModuleInitApplicationListener.java:46] module initializing, order[200], name: AgentModuleInit
2015-09-18 19:09:09 [INFO ]-[qtp170235483-67] [ModuleInitApplicationListener.java:46] module initializing, order[200], name: IoModuleInit
2015-09-18 19:09:09 [INFO ]-[qtp170235483-68] [ModuleInitApplicationListener.java:46] module initializing, order[200], name: AgentModuleInit
2015-09-18 19:09:09 [INFO ]-[qtp170235483-61] [ModuleInitApplicationListener.java:46] module initializing, order[200], name: AgentModuleInit
2015-09-18 19:09:09 [INFO ]-[qtp170235483-69] [ModuleInitApplicationListener.java:46] module initializing, order[200], name: AgentModuleInit
2015-09-18 19:09:09 [INFO ]-[qtp170235483-57] [ModuleInitApplicationListener.java:46] module initializing, order[200], name: AgentModuleInit
2015-09-18 19:09:09 [INFO ]-[qtp170235483-70] [ModuleInitApplicationListener.java:46] module initializing, order[200], name: AgentModuleInit
2015-09-18 19:09:09 [INFO ]-[qtp170235483-68] [ModuleInitApplicationListener.java:46] module initializing, order[200], name: IoModuleInit
2015-09-18 19:09:09 [INFO ]-[qtp170235483-61] [ModuleInitApplicationListener.java:46] module initializing, order[200], name: IoModuleInit
2015-09-18 19:09:09 [INFO ]-[qtp170235483-69] [ModuleInitApplicationListener.java:46] module initializing, order[200], name: IoModuleInit
2015-09-18 19:09:09 [INFO ]-[qtp170235483-57] [ModuleInitApplicationListener.java:46] module initializing, order[200], name: IoModuleInit
2015-09-18 19:09:09 [INFO ]-[qtp170235483-70] [ModuleInitApplicationListener.java:46] module initializing, order[200], name: IoModuleInit
2015-09-18 19:09:09 [INFO ]-[qtp170235483-67] [ModuleInitApplicationListener.java:46] module initializing, order[200], name: AgentModuleInit
2015-09-18 19:09:09 [INFO ]-[qtp170235483-67] [ModuleInitApplicationListener.java:46] module initializing, order[200], name: IoModuleInit
2015-09-18 19:09:34 [INFO ]-[qtp170235483-57] [ModuleInitApplicationListener.java:46] module initializing, order[200], name: AgentModuleInit
2015-09-18 19:09:34 [INFO ]-[qtp170235483-57] [ModuleInitApplicationListener.java:46] module initializing, order[200], name: IoModuleInit
2015-09-18 19:09:34 [INFO ]-[qtp170235483-68] [ModuleInitApplicationListener.java:46] module initializing, order[200], name: AgentModuleInit
2015-09-18 19:09:34 [INFO ]-[qtp170235483-61] [ModuleInitApplicationListener.java:46] module initializing, order[200], name: AgentModuleInit
2015-09-18 19:09:34 [INFO ]-[qtp170235483-68] [ModuleInitApplicationListener.java:46] module initializing, order[200], name: IoModuleInit
2015-09-18 19:09:34 [INFO ]-[qtp170235483-61] [ModuleInitApplicationListener.java:46] module initializing, order[200], name: IoModuleInit
2015-09-18 19:09:34 [INFO ]-[qtp170235483-70] [ModuleInitApplicationListener.java:46] module initializing, order[200], name: AgentModuleInit
2015-09-18 19:09:34 [INFO ]-[qtp170235483-67] [ModuleInitApplicationListener.java:46] module initializing, order[200], name: AgentModuleInit
2015-09-18 19:09:34 [INFO ]-[qtp170235483-67] [ModuleInitApplicationListener.java:46] module initializing, order[200], name: IoModuleInit
2015-09-18 19:09:34 [INFO ]-[qtp170235483-70] [ModuleInitApplicationListener.java:46] module initializing, order[200], name: IoModuleInit
2015-09-18 19:09:34 [INFO ]-[qtp170235483-69] [ModuleInitApplicationListener.java:46] module initializing, order[200], name: AgentModuleInit
2015-09-18 19:09:34 [INFO ]-[qtp170235483-69] [ModuleInitApplicationListener.java:46] module initializing, order[200], name: IoModuleInit
2015-09-18 19:09:34 [INFO ]-[qtp170235483-57] [ModuleInitApplicationListener.java:46] module initializing, order[200], name: AgentModuleInit
2015-09-18 19:09:34 [INFO ]-[qtp170235483-57] [ModuleInitApplicationListener.java:46] module initializing, order[200], name: IoModuleInit
2015-09-18 19:10:14 [INFO ]-[TimeBusinessExecutor-Cleaner-IO] [TimeoutBusinessExecutor.java:207] TimeExecutor[IO_BUS-0] task current size: 0, trigger size: 300000
2015-09-18 19:10:14 [INFO ]-[TimeBusinessExecutor-Cleaner-IO] [TimeoutBusinessExecutor.java:207] TimeExecutor[IO_ALL-0] task current size: 0, trigger size: 300000
